2026-02-25 10:30:38 - LT_baseline - INFO - Arguments: Namespace(arch='resnet32', augment='standard', batch_size=128, cb_beta=0.9999, cutmix=False, data_root='./data', dataset='cifar100_lt', diffusemix_dir='./data/head2tail_cifar100_lt_IF100', diffusemix_ratio=1.0, diffusemix_weight=1.0, drw=-1, epochs=200, evaluate=False, exp_name='cifar100_lt_resnet32_ce_IF100_head2tail_nearest_k3_s0.6', focal_gamma=2.0, gpu=0, imb_factor=0.01, img_root='', la_tau=1.0, ldam_max_m=0.5, ldam_s=30.0, loss='ce', lr=0.1, lr_gamma=0.1, lr_milestones=[160, 180], lr_schedule='warmup_step', mix_alpha=1.0, mixup=False, momentum=0.9, optimizer='sgd', output_dir='./output', pretrained=False, print_freq=50, remix=False, resume='', sampler='none', save_dir='./output/cifar100_lt_resnet32_ce_IF100_head2tail_nearest_k3_s0.6', seed=42, seesaw_p=0.8, seesaw_q=2.0, stage1_ckpt='', stage2='none', stage2_epochs=10, tau=1.0, use_norm=False, use_orig_cls_num=True, warmup_epochs=5, weight_decay=0.0001, workers=4)
2026-02-25 10:30:40 - LT_baseline - INFO - DiffuseMix: loaded augmented data from ./data/head2tail_cifar100_lt_IF100
2026-02-25 10:30:40 - LT_baseline - INFO - DiffuseMix: ratio=1.0, weight=1.0
2026-02-25 10:30:40 - LT_baseline - INFO - Using ORIGINAL cls_num_list for loss/eval (min=5, max=500)
2026-02-25 10:30:40 - LT_baseline - INFO - Dataset: cifar100_lt
2026-02-25 10:30:40 - LT_baseline - INFO -   Classes: 100 (Many: 35, Medium: 34, Few: 31)
2026-02-25 10:30:40 - LT_baseline - INFO -   Max count: 500, Min count: 5, Imbalance ratio: 100.0
2026-02-25 10:30:40 - LT_baseline - INFO -   Train samples: 11142, Val samples: 10000
2026-02-25 10:30:40 - LT_baseline - INFO - Model: resnet32 (feat_dim=64, use_norm=False, pretrained=False)
2026-02-25 10:30:40 - LT_baseline - INFO - Loss: ce
2026-02-25 10:30:40 - LT_baseline - INFO - 
Starting training for 200 epochs...

2026-02-25 10:30:45 - LT_baseline - INFO - Epoch [0][50/87] Loss 3.9218 (4.1706) Acc@1 7.03 (6.55) Acc@5 28.91 (21.52)
2026-02-25 10:30:47 - LT_baseline - INFO - [Val] Loss: 5.2954 | Overall: 4.64% | Many: 12.31% | Medium: 0.97% | Few: 0.00%
2026-02-25 10:30:47 - LT_baseline - INFO - Epoch 0: Best Acc = 4.64%

2026-02-25 10:30:48 - LT_baseline - INFO - Epoch [1][50/87] Loss 3.7126 (3.7040) Acc@1 16.41 (13.80) Acc@5 34.38 (38.22)
2026-02-25 10:30:50 - LT_baseline - INFO - [Val] Loss: 5.0733 | Overall: 5.22% | Many: 13.89% | Medium: 1.06% | Few: 0.00%
2026-02-25 10:30:50 - LT_baseline - INFO - Epoch 1: Best Acc = 5.22%

2026-02-25 10:30:51 - LT_baseline - INFO - Epoch [2][50/87] Loss 3.4880 (3.5255) Acc@1 17.19 (17.02) Acc@5 45.31 (42.53)
2026-02-25 10:30:53 - LT_baseline - INFO - [Val] Loss: 4.7216 | Overall: 6.74% | Many: 18.77% | Medium: 0.35% | Few: 0.16%
2026-02-25 10:30:53 - LT_baseline - INFO - Epoch 2: Best Acc = 6.74%

2026-02-25 10:30:54 - LT_baseline - INFO - Epoch [3][50/87] Loss 3.4054 (3.3729) Acc@1 16.41 (20.06) Acc@5 46.88 (46.94)
2026-02-25 10:30:56 - LT_baseline - INFO - [Val] Loss: 4.6598 | Overall: 8.64% | Many: 23.29% | Medium: 1.44% | Few: 0.00%
2026-02-25 10:30:56 - LT_baseline - INFO - Epoch 3: Best Acc = 8.64%

2026-02-25 10:30:57 - LT_baseline - INFO - Epoch [4][50/87] Loss 3.3449 (3.2185) Acc@1 23.44 (22.67) Acc@5 47.66 (50.78)
2026-02-25 10:30:59 - LT_baseline - INFO - [Val] Loss: 4.4098 | Overall: 9.51% | Many: 26.31% | Medium: 0.88% | Few: 0.00%
2026-02-25 10:30:59 - LT_baseline - INFO - Epoch 4: Best Acc = 9.51%

2026-02-25 10:31:00 - LT_baseline - INFO - Epoch [5][50/87] Loss 3.2145 (3.0181) Acc@1 21.88 (27.00) Acc@5 52.34 (55.70)
2026-02-25 10:31:02 - LT_baseline - INFO - [Val] Loss: 4.2331 | Overall: 11.63% | Many: 29.14% | Medium: 4.21% | Few: 0.00%
2026-02-25 10:31:02 - LT_baseline - INFO - Epoch 5: Best Acc = 11.63%

2026-02-25 10:31:03 - LT_baseline - INFO - Epoch [6][50/87] Loss 2.8263 (2.8889) Acc@1 31.25 (29.27) Acc@5 60.94 (59.58)
2026-02-25 10:31:05 - LT_baseline - INFO - [Val] Loss: 4.2493 | Overall: 12.26% | Many: 32.26% | Medium: 2.85% | Few: 0.00%
2026-02-25 10:31:05 - LT_baseline - INFO - Epoch 6: Best Acc = 12.26%

2026-02-25 10:31:06 - LT_baseline - INFO - Epoch [7][50/87] Loss 2.7123 (2.7437) Acc@1 32.03 (32.41) Acc@5 65.62 (63.12)
2026-02-25 10:31:08 - LT_baseline - INFO - [Val] Loss: 4.5678 | Overall: 12.08% | Many: 28.29% | Medium: 6.26% | Few: 0.16%
2026-02-25 10:31:08 - LT_baseline - INFO - Epoch 7: Best Acc = 12.26%

2026-02-25 10:31:09 - LT_baseline - INFO - Epoch [8][50/87] Loss 2.3784 (2.6734) Acc@1 40.62 (33.14) Acc@5 72.66 (64.27)
2026-02-25 10:31:11 - LT_baseline - INFO - [Val] Loss: 4.4758 | Overall: 12.39% | Many: 29.77% | Medium: 5.53% | Few: 0.29%
2026-02-25 10:31:11 - LT_baseline - INFO - Epoch 8: Best Acc = 12.39%

2026-02-25 10:31:12 - LT_baseline - INFO - Epoch [9][50/87] Loss 2.5060 (2.5054) Acc@1 38.28 (37.05) Acc@5 64.84 (67.50)
2026-02-25 10:31:14 - LT_baseline - INFO - [Val] Loss: 4.2709 | Overall: 16.07% | Many: 36.09% | Medium: 9.91% | Few: 0.23%
2026-02-25 10:31:14 - LT_baseline - INFO - Epoch 9: Best Acc = 16.07%

2026-02-25 10:31:15 - LT_baseline - INFO - Epoch [10][50/87] Loss 2.1715 (2.3876) Acc@1 39.84 (39.36) Acc@5 75.78 (70.31)
2026-02-25 10:31:17 - LT_baseline - INFO - [Val] Loss: 4.0915 | Overall: 16.78% | Many: 37.23% | Medium: 10.97% | Few: 0.06%
2026-02-25 10:31:17 - LT_baseline - INFO - Epoch 10: Best Acc = 16.78%

2026-02-25 10:31:18 - LT_baseline - INFO - Epoch [11][50/87] Loss 2.0781 (2.2936) Acc@1 44.53 (41.59) Acc@5 79.69 (71.72)
2026-02-25 10:31:20 - LT_baseline - INFO - [Val] Loss: 4.1663 | Overall: 16.35% | Many: 38.00% | Medium: 8.41% | Few: 0.61%
2026-02-25 10:31:20 - LT_baseline - INFO - Epoch 11: Best Acc = 16.78%

2026-02-25 10:31:21 - LT_baseline - INFO - Epoch [12][50/87] Loss 2.2178 (2.2220) Acc@1 46.88 (42.97) Acc@5 74.22 (73.61)
2026-02-25 10:31:23 - LT_baseline - INFO - [Val] Loss: 3.9483 | Overall: 18.48% | Many: 42.89% | Medium: 9.47% | Few: 0.81%
2026-02-25 10:31:23 - LT_baseline - INFO - Epoch 12: Best Acc = 18.48%

2026-02-25 10:31:24 - LT_baseline - INFO - Epoch [13][50/87] Loss 2.3463 (2.1004) Acc@1 42.19 (45.36) Acc@5 72.66 (75.78)
2026-02-25 10:31:26 - LT_baseline - INFO - [Val] Loss: 3.9577 | Overall: 17.58% | Many: 40.51% | Medium: 8.94% | Few: 1.16%
2026-02-25 10:31:26 - LT_baseline - INFO - Epoch 13: Best Acc = 18.48%

2026-02-25 10:31:27 - LT_baseline - INFO - Epoch [14][50/87] Loss 1.8152 (2.0297) Acc@1 54.69 (48.16) Acc@5 82.03 (77.08)
2026-02-25 10:31:29 - LT_baseline - INFO - [Val] Loss: 3.7691 | Overall: 21.04% | Many: 44.97% | Medium: 14.03% | Few: 1.71%
2026-02-25 10:31:29 - LT_baseline - INFO - Epoch 14: Best Acc = 21.04%

2026-02-25 10:31:30 - LT_baseline - INFO - Epoch [15][50/87] Loss 2.2256 (1.9708) Acc@1 45.31 (49.05) Acc@5 72.66 (77.44)
2026-02-25 10:31:32 - LT_baseline - INFO - [Val] Loss: 3.9693 | Overall: 19.94% | Many: 42.74% | Medium: 13.97% | Few: 0.74%
2026-02-25 10:31:32 - LT_baseline - INFO - Epoch 15: Best Acc = 21.04%

2026-02-25 10:31:33 - LT_baseline - INFO - Epoch [16][50/87] Loss 2.0328 (1.9064) Acc@1 45.31 (49.69) Acc@5 77.34 (79.69)
2026-02-25 10:31:35 - LT_baseline - INFO - [Val] Loss: 3.7603 | Overall: 21.54% | Many: 45.14% | Medium: 16.32% | Few: 0.61%
2026-02-25 10:31:35 - LT_baseline - INFO - Epoch 16: Best Acc = 21.54%

2026-02-25 10:31:36 - LT_baseline - INFO - Epoch [17][50/87] Loss 1.7799 (1.8655) Acc@1 51.56 (51.03) Acc@5 78.12 (80.27)
2026-02-25 10:31:38 - LT_baseline - INFO - [Val] Loss: 3.9583 | Overall: 19.60% | Many: 40.34% | Medium: 15.06% | Few: 1.16%
2026-02-25 10:31:38 - LT_baseline - INFO - Epoch 17: Best Acc = 21.54%

2026-02-25 10:31:39 - LT_baseline - INFO - Epoch [18][50/87] Loss 1.6193 (1.8023) Acc@1 53.91 (52.25) Acc@5 82.81 (80.81)
2026-02-25 10:31:41 - LT_baseline - INFO - [Val] Loss: 3.5672 | Overall: 22.43% | Many: 44.43% | Medium: 18.35% | Few: 2.06%
2026-02-25 10:31:41 - LT_baseline - INFO - Epoch 18: Best Acc = 22.43%

2026-02-25 10:31:42 - LT_baseline - INFO - Epoch [19][50/87] Loss 1.7457 (1.7027) Acc@1 50.78 (54.08) Acc@5 79.69 (82.33)
2026-02-25 10:31:44 - LT_baseline - INFO - [Val] Loss: 3.8204 | Overall: 23.57% | Many: 50.00% | Medium: 16.53% | Few: 1.45%
2026-02-25 10:31:44 - LT_baseline - INFO - Epoch 19: Best Acc = 23.57%

2026-02-25 10:31:45 - LT_baseline - INFO - Epoch [20][50/87] Loss 1.7725 (1.6736) Acc@1 53.12 (55.19) Acc@5 79.69 (82.94)
2026-02-25 10:31:47 - LT_baseline - INFO - [Val] Loss: 4.0289 | Overall: 21.43% | Many: 45.97% | Medium: 14.29% | Few: 1.55%
2026-02-25 10:31:47 - LT_baseline - INFO - Epoch 20: Best Acc = 23.57%

2026-02-25 10:31:48 - LT_baseline - INFO - Epoch [21][50/87] Loss 1.5471 (1.6285) Acc@1 57.81 (55.73) Acc@5 83.59 (83.78)
2026-02-25 10:31:50 - LT_baseline - INFO - [Val] Loss: 3.7913 | Overall: 22.95% | Many: 47.91% | Medium: 15.76% | Few: 2.65%
2026-02-25 10:31:50 - LT_baseline - INFO - Epoch 21: Best Acc = 23.57%

2026-02-25 10:31:51 - LT_baseline - INFO - Epoch [22][50/87] Loss 1.8137 (1.5688) Acc@1 51.56 (57.83) Acc@5 76.56 (85.03)
2026-02-25 10:31:53 - LT_baseline - INFO - [Val] Loss: 3.5890 | Overall: 25.54% | Many: 51.71% | Medium: 20.09% | Few: 1.97%
2026-02-25 10:31:53 - LT_baseline - INFO - Epoch 22: Best Acc = 25.54%

2026-02-25 10:31:54 - LT_baseline - INFO - Epoch [23][50/87] Loss 1.7230 (1.5589) Acc@1 57.03 (58.12) Acc@5 83.59 (85.14)
2026-02-25 10:31:56 - LT_baseline - INFO - [Val] Loss: 3.4076 | Overall: 25.86% | Many: 51.26% | Medium: 20.94% | Few: 2.58%
2026-02-25 10:31:56 - LT_baseline - INFO - Epoch 23: Best Acc = 25.86%

2026-02-25 10:31:57 - LT_baseline - INFO - Epoch [24][50/87] Loss 1.4993 (1.4768) Acc@1 55.47 (59.58) Acc@5 84.38 (86.28)
2026-02-25 10:31:59 - LT_baseline - INFO - [Val] Loss: 3.6892 | Overall: 24.49% | Many: 49.23% | Medium: 18.76% | Few: 2.84%
2026-02-25 10:31:59 - LT_baseline - INFO - Epoch 24: Best Acc = 25.86%

2026-02-25 10:32:00 - LT_baseline - INFO - Epoch [25][50/87] Loss 1.4578 (1.4820) Acc@1 61.72 (59.73) Acc@5 85.94 (85.78)
2026-02-25 10:32:02 - LT_baseline - INFO - [Val] Loss: 3.4343 | Overall: 27.35% | Many: 52.60% | Medium: 23.47% | Few: 3.10%
2026-02-25 10:32:02 - LT_baseline - INFO - Epoch 25: Best Acc = 27.35%

2026-02-25 10:32:03 - LT_baseline - INFO - Epoch [26][50/87] Loss 1.4210 (1.4105) Acc@1 60.94 (61.20) Acc@5 90.62 (87.64)
2026-02-25 10:32:04 - LT_baseline - INFO - [Val] Loss: 3.8795 | Overall: 25.33% | Many: 47.83% | Medium: 23.15% | Few: 2.32%
2026-02-25 10:32:04 - LT_baseline - INFO - Epoch 26: Best Acc = 27.35%

2026-02-25 10:32:06 - LT_baseline - INFO - Epoch [27][50/87] Loss 1.1919 (1.3704) Acc@1 64.84 (62.23) Acc@5 90.62 (87.80)
2026-02-25 10:32:07 - LT_baseline - INFO - [Val] Loss: 3.5295 | Overall: 26.60% | Many: 52.86% | Medium: 21.38% | Few: 2.68%
2026-02-25 10:32:07 - LT_baseline - INFO - Epoch 27: Best Acc = 27.35%

2026-02-25 10:32:09 - LT_baseline - INFO - Epoch [28][50/87] Loss 1.3998 (1.3125) Acc@1 60.94 (63.69) Acc@5 88.28 (88.97)
2026-02-25 10:32:10 - LT_baseline - INFO - [Val] Loss: 3.6106 | Overall: 26.52% | Many: 53.34% | Medium: 20.41% | Few: 2.94%
2026-02-25 10:32:10 - LT_baseline - INFO - Epoch 28: Best Acc = 27.35%

2026-02-25 10:32:12 - LT_baseline - INFO - Epoch [29][50/87] Loss 1.3164 (1.3053) Acc@1 57.03 (63.88) Acc@5 90.62 (88.75)
2026-02-25 10:32:13 - LT_baseline - INFO - [Val] Loss: 3.5551 | Overall: 27.20% | Many: 51.60% | Medium: 21.74% | Few: 5.65%
2026-02-25 10:32:13 - LT_baseline - INFO - Epoch 29: Best Acc = 27.35%

2026-02-25 10:32:15 - LT_baseline - INFO - Epoch [30][50/87] Loss 1.0561 (1.2542) Acc@1 64.84 (64.61) Acc@5 92.19 (89.67)
2026-02-25 10:32:16 - LT_baseline - INFO - [Val] Loss: 3.4880 | Overall: 27.98% | Many: 53.54% | Medium: 23.15% | Few: 4.42%
2026-02-25 10:32:16 - LT_baseline - INFO - Epoch 30: Best Acc = 27.98%

2026-02-25 10:32:18 - LT_baseline - INFO - Epoch [31][50/87] Loss 1.2202 (1.2243) Acc@1 66.41 (65.25) Acc@5 91.41 (90.23)
2026-02-25 10:32:19 - LT_baseline - INFO - [Val] Loss: 3.5014 | Overall: 26.44% | Many: 49.97% | Medium: 21.03% | Few: 5.81%
2026-02-25 10:32:19 - LT_baseline - INFO - Epoch 31: Best Acc = 27.98%

2026-02-25 10:32:21 - LT_baseline - INFO - Epoch [32][50/87] Loss 1.1905 (1.1740) Acc@1 65.62 (67.53) Acc@5 90.62 (90.67)
2026-02-25 10:32:22 - LT_baseline - INFO - [Val] Loss: 3.6438 | Overall: 27.25% | Many: 53.57% | Medium: 22.06% | Few: 3.23%
2026-02-25 10:32:22 - LT_baseline - INFO - Epoch 32: Best Acc = 27.98%

2026-02-25 10:32:24 - LT_baseline - INFO - Epoch [33][50/87] Loss 1.0766 (1.1419) Acc@1 70.31 (68.00) Acc@5 91.41 (91.28)
2026-02-25 10:32:25 - LT_baseline - INFO - [Val] Loss: 3.7121 | Overall: 27.25% | Many: 52.40% | Medium: 20.79% | Few: 5.94%
2026-02-25 10:32:25 - LT_baseline - INFO - Epoch 33: Best Acc = 27.98%

2026-02-25 10:32:27 - LT_baseline - INFO - Epoch [34][50/87] Loss 1.3496 (1.1313) Acc@1 62.50 (68.33) Acc@5 89.84 (91.06)
2026-02-25 10:32:28 - LT_baseline - INFO - [Val] Loss: 3.5556 | Overall: 28.58% | Many: 56.00% | Medium: 23.65% | Few: 3.03%
2026-02-25 10:32:28 - LT_baseline - INFO - Epoch 34: Best Acc = 28.58%

2026-02-25 10:32:30 - LT_baseline - INFO - Epoch [35][50/87] Loss 1.3409 (1.0979) Acc@1 60.94 (68.78) Acc@5 90.62 (91.86)
2026-02-25 10:32:31 - LT_baseline - INFO - [Val] Loss: 3.8058 | Overall: 27.98% | Many: 52.89% | Medium: 22.88% | Few: 5.45%
2026-02-25 10:32:31 - LT_baseline - INFO - Epoch 35: Best Acc = 28.58%

2026-02-25 10:32:33 - LT_baseline - INFO - Epoch [36][50/87] Loss 1.3553 (1.0935) Acc@1 62.50 (68.56) Acc@5 86.72 (91.78)
2026-02-25 10:32:34 - LT_baseline - INFO - [Val] Loss: 3.6887 | Overall: 27.89% | Many: 54.69% | Medium: 21.26% | Few: 4.90%
2026-02-25 10:32:34 - LT_baseline - INFO - Epoch 36: Best Acc = 28.58%

2026-02-25 10:32:35 - LT_baseline - INFO - Epoch [37][50/87] Loss 1.0829 (1.0297) Acc@1 70.31 (70.80) Acc@5 91.41 (92.72)
2026-02-25 10:32:37 - LT_baseline - INFO - [Val] Loss: 3.9455 | Overall: 26.77% | Many: 54.94% | Medium: 19.29% | Few: 3.16%
2026-02-25 10:32:37 - LT_baseline - INFO - Epoch 37: Best Acc = 28.58%

2026-02-25 10:32:38 - LT_baseline - INFO - Epoch [38][50/87] Loss 0.9235 (1.0202) Acc@1 69.53 (70.17) Acc@5 96.09 (92.94)
2026-02-25 10:32:40 - LT_baseline - INFO - [Val] Loss: 3.4530 | Overall: 29.97% | Many: 54.11% | Medium: 27.09% | Few: 5.87%
2026-02-25 10:32:40 - LT_baseline - INFO - Epoch 38: Best Acc = 29.97%

2026-02-25 10:32:42 - LT_baseline - INFO - Epoch [39][50/87] Loss 0.7461 (1.0035) Acc@1 75.00 (70.64) Acc@5 95.31 (92.70)
2026-02-25 10:32:43 - LT_baseline - INFO - [Val] Loss: 3.9810 | Overall: 27.40% | Many: 51.83% | Medium: 21.74% | Few: 6.03%
2026-02-25 10:32:43 - LT_baseline - INFO - Epoch 39: Best Acc = 29.97%

2026-02-25 10:32:44 - LT_baseline - INFO - Epoch [40][50/87] Loss 1.1367 (0.9959) Acc@1 67.19 (71.56) Acc@5 90.62 (93.23)
2026-02-25 10:32:46 - LT_baseline - INFO - [Val] Loss: 3.6204 | Overall: 29.20% | Many: 52.54% | Medium: 27.06% | Few: 5.19%
2026-02-25 10:32:46 - LT_baseline - INFO - Epoch 40: Best Acc = 29.97%

2026-02-25 10:32:47 - LT_baseline - INFO - Epoch [41][50/87] Loss 0.9370 (0.9505) Acc@1 72.66 (72.64) Acc@5 92.97 (93.94)
2026-02-25 10:32:49 - LT_baseline - INFO - [Val] Loss: 3.8958 | Overall: 28.03% | Many: 53.69% | Medium: 21.97% | Few: 5.71%
2026-02-25 10:32:49 - LT_baseline - INFO - Epoch 41: Best Acc = 29.97%

2026-02-25 10:32:50 - LT_baseline - INFO - Epoch [42][50/87] Loss 0.9067 (0.9329) Acc@1 70.31 (72.59) Acc@5 92.97 (94.00)
2026-02-25 10:32:52 - LT_baseline - INFO - [Val] Loss: 3.7251 | Overall: 29.52% | Many: 51.97% | Medium: 27.26% | Few: 6.65%
2026-02-25 10:32:52 - LT_baseline - INFO - Epoch 42: Best Acc = 29.97%

2026-02-25 10:32:53 - LT_baseline - INFO - Epoch [43][50/87] Loss 0.9774 (0.8934) Acc@1 70.31 (73.98) Acc@5 93.75 (94.02)
2026-02-25 10:32:55 - LT_baseline - INFO - [Val] Loss: 4.1214 | Overall: 26.93% | Many: 51.57% | Medium: 20.65% | Few: 6.00%
2026-02-25 10:32:55 - LT_baseline - INFO - Epoch 43: Best Acc = 29.97%

2026-02-25 10:32:56 - LT_baseline - INFO - Epoch [44][50/87] Loss 1.1169 (0.8855) Acc@1 72.66 (74.36) Acc@5 90.62 (94.53)
2026-02-25 10:32:58 - LT_baseline - INFO - [Val] Loss: 3.7687 | Overall: 30.28% | Many: 54.86% | Medium: 26.35% | Few: 6.84%
2026-02-25 10:32:58 - LT_baseline - INFO - Epoch 44: Best Acc = 30.28%

2026-02-25 10:32:59 - LT_baseline - INFO - Epoch [45][50/87] Loss 0.8614 (0.8506) Acc@1 71.88 (74.58) Acc@5 96.09 (94.98)
2026-02-25 10:33:01 - LT_baseline - INFO - [Val] Loss: 3.4179 | Overall: 31.25% | Many: 54.91% | Medium: 28.50% | Few: 7.55%
2026-02-25 10:33:01 - LT_baseline - INFO - Epoch 45: Best Acc = 31.25%

2026-02-25 10:33:02 - LT_baseline - INFO - Epoch [46][50/87] Loss 1.1173 (0.8716) Acc@1 64.84 (74.67) Acc@5 91.41 (94.61)
2026-02-25 10:33:04 - LT_baseline - INFO - [Val] Loss: 4.2372 | Overall: 28.97% | Many: 54.31% | Medium: 24.18% | Few: 5.61%
2026-02-25 10:33:04 - LT_baseline - INFO - Epoch 46: Best Acc = 31.25%

2026-02-25 10:33:05 - LT_baseline - INFO - Epoch [47][50/87] Loss 0.8412 (0.8220) Acc@1 73.44 (75.64) Acc@5 96.88 (95.55)
2026-02-25 10:33:07 - LT_baseline - INFO - [Val] Loss: 3.8419 | Overall: 30.52% | Many: 56.51% | Medium: 25.18% | Few: 7.03%
2026-02-25 10:33:07 - LT_baseline - INFO - Epoch 47: Best Acc = 31.25%

2026-02-25 10:33:08 - LT_baseline - INFO - Epoch [48][50/87] Loss 0.7314 (0.8240) Acc@1 78.12 (75.31) Acc@5 99.22 (95.66)
2026-02-25 10:33:10 - LT_baseline - INFO - [Val] Loss: 3.8295 | Overall: 29.89% | Many: 53.74% | Medium: 27.74% | Few: 5.32%
2026-02-25 10:33:10 - LT_baseline - INFO - Epoch 48: Best Acc = 31.25%

2026-02-25 10:33:11 - LT_baseline - INFO - Epoch [49][50/87] Loss 0.7761 (0.7792) Acc@1 75.00 (76.31) Acc@5 96.88 (95.89)
2026-02-25 10:33:13 - LT_baseline - INFO - [Val] Loss: 3.9995 | Overall: 30.36% | Many: 53.49% | Medium: 28.41% | Few: 6.39%
2026-02-25 10:33:13 - LT_baseline - INFO - Epoch 49: Best Acc = 31.25%

2026-02-25 10:33:14 - LT_baseline - INFO - Epoch [50][50/87] Loss 1.0255 (0.7652) Acc@1 64.84 (76.94) Acc@5 96.09 (95.91)
2026-02-25 10:33:16 - LT_baseline - INFO - [Val] Loss: 4.3557 | Overall: 29.95% | Many: 55.31% | Medium: 25.91% | Few: 5.74%
2026-02-25 10:33:16 - LT_baseline - INFO - Epoch 50: Best Acc = 31.25%

2026-02-25 10:33:17 - LT_baseline - INFO - Epoch [51][50/87] Loss 0.7034 (0.7413) Acc@1 83.59 (77.50) Acc@5 94.53 (95.98)
2026-02-25 10:33:19 - LT_baseline - INFO - [Val] Loss: 3.8700 | Overall: 31.82% | Many: 56.89% | Medium: 28.97% | Few: 6.65%
2026-02-25 10:33:19 - LT_baseline - INFO - Epoch 51: Best Acc = 31.82%

2026-02-25 10:33:20 - LT_baseline - INFO - Epoch [52][50/87] Loss 0.6798 (0.7603) Acc@1 82.03 (76.94) Acc@5 98.44 (96.12)
2026-02-25 10:33:22 - LT_baseline - INFO - [Val] Loss: 4.6983 | Overall: 27.03% | Many: 49.97% | Medium: 22.00% | Few: 6.65%
2026-02-25 10:33:22 - LT_baseline - INFO - Epoch 52: Best Acc = 31.82%

2026-02-25 10:33:23 - LT_baseline - INFO - Epoch [53][50/87] Loss 0.7738 (0.7180) Acc@1 72.66 (77.89) Acc@5 97.66 (96.64)
2026-02-25 10:33:25 - LT_baseline - INFO - [Val] Loss: 4.5228 | Overall: 27.58% | Many: 50.91% | Medium: 23.00% | Few: 6.26%
2026-02-25 10:33:25 - LT_baseline - INFO - Epoch 53: Best Acc = 31.82%

2026-02-25 10:33:26 - LT_baseline - INFO - Epoch [54][50/87] Loss 0.7586 (0.7073) Acc@1 76.56 (78.75) Acc@5 95.31 (96.39)
2026-02-25 10:33:28 - LT_baseline - INFO - [Val] Loss: 4.0512 | Overall: 29.80% | Many: 55.46% | Medium: 24.21% | Few: 6.97%
2026-02-25 10:33:28 - LT_baseline - INFO - Epoch 54: Best Acc = 31.82%

2026-02-25 10:33:29 - LT_baseline - INFO - Epoch [55][50/87] Loss 0.7736 (0.6775) Acc@1 78.12 (79.58) Acc@5 96.09 (96.53)
2026-02-25 10:33:31 - LT_baseline - INFO - [Val] Loss: 4.0190 | Overall: 31.67% | Many: 56.06% | Medium: 28.79% | Few: 7.29%
2026-02-25 10:33:31 - LT_baseline - INFO - Epoch 55: Best Acc = 31.82%

2026-02-25 10:33:32 - LT_baseline - INFO - Epoch [56][50/87] Loss 0.6332 (0.6519) Acc@1 80.47 (80.12) Acc@5 97.66 (96.64)
2026-02-25 10:33:34 - LT_baseline - INFO - [Val] Loss: 4.1611 | Overall: 30.31% | Many: 53.46% | Medium: 26.88% | Few: 7.94%
2026-02-25 10:33:34 - LT_baseline - INFO - Epoch 56: Best Acc = 31.82%

2026-02-25 10:33:35 - LT_baseline - INFO - Epoch [57][50/87] Loss 0.7707 (0.6625) Acc@1 78.91 (79.98) Acc@5 96.09 (97.14)
2026-02-25 10:33:37 - LT_baseline - INFO - [Val] Loss: 4.2363 | Overall: 29.48% | Many: 53.54% | Medium: 24.59% | Few: 7.68%
2026-02-25 10:33:37 - LT_baseline - INFO - Epoch 57: Best Acc = 31.82%

2026-02-25 10:33:38 - LT_baseline - INFO - Epoch [58][50/87] Loss 0.8107 (0.6710) Acc@1 74.22 (79.59) Acc@5 96.88 (96.77)
2026-02-25 10:33:39 - LT_baseline - INFO - [Val] Loss: 4.1662 | Overall: 30.81% | Many: 55.37% | Medium: 27.15% | Few: 7.10%
2026-02-25 10:33:40 - LT_baseline - INFO - Epoch 58: Best Acc = 31.82%

2026-02-25 10:33:41 - LT_baseline - INFO - Epoch [59][50/87] Loss 0.6474 (0.6096) Acc@1 77.34 (81.09) Acc@5 99.22 (97.27)
2026-02-25 10:33:43 - LT_baseline - INFO - [Val] Loss: 4.6605 | Overall: 29.34% | Many: 51.86% | Medium: 26.91% | Few: 6.58%
2026-02-25 10:33:43 - LT_baseline - INFO - Epoch 59: Best Acc = 31.82%

2026-02-25 10:33:44 - LT_baseline - INFO - Epoch [60][50/87] Loss 0.9278 (0.6288) Acc@1 73.44 (80.34) Acc@5 93.75 (97.48)
2026-02-25 10:33:45 - LT_baseline - INFO - [Val] Loss: 4.1822 | Overall: 30.50% | Many: 55.09% | Medium: 27.29% | Few: 6.26%
2026-02-25 10:33:45 - LT_baseline - INFO - Epoch 60: Best Acc = 31.82%

2026-02-25 10:33:47 - LT_baseline - INFO - Epoch [61][50/87] Loss 0.5214 (0.5948) Acc@1 80.47 (81.70) Acc@5 97.66 (97.38)
2026-02-25 10:33:48 - LT_baseline - INFO - [Val] Loss: 4.6230 | Overall: 29.72% | Many: 49.43% | Medium: 30.12% | Few: 7.03%
2026-02-25 10:33:48 - LT_baseline - INFO - Epoch 61: Best Acc = 31.82%

2026-02-25 10:33:50 - LT_baseline - INFO - Epoch [62][50/87] Loss 0.5688 (0.6021) Acc@1 81.25 (81.16) Acc@5 96.88 (97.36)
2026-02-25 10:33:51 - LT_baseline - INFO - [Val] Loss: 4.6796 | Overall: 29.24% | Many: 52.34% | Medium: 24.82% | Few: 8.00%
2026-02-25 10:33:51 - LT_baseline - INFO - Epoch 62: Best Acc = 31.82%

2026-02-25 10:33:53 - LT_baseline - INFO - Epoch [63][50/87] Loss 0.5249 (0.5815) Acc@1 85.16 (82.31) Acc@5 97.66 (97.56)
2026-02-25 10:33:54 - LT_baseline - INFO - [Val] Loss: 4.5233 | Overall: 30.30% | Many: 54.71% | Medium: 27.15% | Few: 6.19%
2026-02-25 10:33:54 - LT_baseline - INFO - Epoch 63: Best Acc = 31.82%

2026-02-25 10:33:56 - LT_baseline - INFO - Epoch [64][50/87] Loss 0.4692 (0.5717) Acc@1 85.16 (82.59) Acc@5 99.22 (97.52)
2026-02-25 10:33:57 - LT_baseline - INFO - [Val] Loss: 4.8172 | Overall: 28.55% | Many: 51.06% | Medium: 25.53% | Few: 6.45%
2026-02-25 10:33:57 - LT_baseline - INFO - Epoch 64: Best Acc = 31.82%

2026-02-25 10:33:58 - LT_baseline - INFO - Epoch [65][50/87] Loss 0.6228 (0.5574) Acc@1 80.47 (83.14) Acc@5 96.88 (97.61)
2026-02-25 10:34:00 - LT_baseline - INFO - [Val] Loss: 4.3809 | Overall: 31.22% | Many: 56.49% | Medium: 25.94% | Few: 8.48%
2026-02-25 10:34:00 - LT_baseline - INFO - Epoch 65: Best Acc = 31.82%

2026-02-25 10:34:01 - LT_baseline - INFO - Epoch [66][50/87] Loss 0.5883 (0.5750) Acc@1 78.12 (81.94) Acc@5 97.66 (97.52)
2026-02-25 10:34:03 - LT_baseline - INFO - [Val] Loss: 4.3020 | Overall: 30.77% | Many: 52.86% | Medium: 28.56% | Few: 8.26%
2026-02-25 10:34:03 - LT_baseline - INFO - Epoch 66: Best Acc = 31.82%

2026-02-25 10:34:04 - LT_baseline - INFO - Epoch [67][50/87] Loss 0.4718 (0.5004) Acc@1 85.94 (84.52) Acc@5 99.22 (98.06)
2026-02-25 10:34:06 - LT_baseline - INFO - [Val] Loss: 4.4292 | Overall: 28.64% | Many: 51.74% | Medium: 25.88% | Few: 5.58%
2026-02-25 10:34:06 - LT_baseline - INFO - Epoch 67: Best Acc = 31.82%

2026-02-25 10:34:07 - LT_baseline - INFO - Epoch [68][50/87] Loss 0.5483 (0.5187) Acc@1 85.94 (84.06) Acc@5 97.66 (98.17)
2026-02-25 10:34:09 - LT_baseline - INFO - [Val] Loss: 4.4810 | Overall: 30.09% | Many: 54.91% | Medium: 25.38% | Few: 7.23%
2026-02-25 10:34:09 - LT_baseline - INFO - Epoch 68: Best Acc = 31.82%

2026-02-25 10:34:10 - LT_baseline - INFO - Epoch [69][50/87] Loss 0.4173 (0.5216) Acc@1 87.50 (83.58) Acc@5 97.66 (98.27)
2026-02-25 10:34:12 - LT_baseline - INFO - [Val] Loss: 4.7372 | Overall: 29.62% | Many: 54.69% | Medium: 23.79% | Few: 7.71%
2026-02-25 10:34:12 - LT_baseline - INFO - Epoch 69: Best Acc = 31.82%

2026-02-25 10:34:13 - LT_baseline - INFO - Epoch [70][50/87] Loss 0.6817 (0.5553) Acc@1 78.12 (82.91) Acc@5 96.88 (97.98)
2026-02-25 10:34:15 - LT_baseline - INFO - [Val] Loss: 4.2709 | Overall: 31.55% | Many: 55.00% | Medium: 27.82% | Few: 9.16%
2026-02-25 10:34:15 - LT_baseline - INFO - Epoch 70: Best Acc = 31.82%

2026-02-25 10:34:16 - LT_baseline - INFO - Epoch [71][50/87] Loss 0.6223 (0.4664) Acc@1 76.56 (85.55) Acc@5 98.44 (98.67)
2026-02-25 10:34:18 - LT_baseline - INFO - [Val] Loss: 4.6449 | Overall: 30.49% | Many: 53.54% | Medium: 26.74% | Few: 8.58%
2026-02-25 10:34:18 - LT_baseline - INFO - Epoch 71: Best Acc = 31.82%

2026-02-25 10:34:19 - LT_baseline - INFO - Epoch [72][50/87] Loss 0.4097 (0.4910) Acc@1 88.28 (84.88) Acc@5 99.22 (98.41)
2026-02-25 10:34:21 - LT_baseline - INFO - [Val] Loss: 4.5086 | Overall: 31.71% | Many: 55.31% | Medium: 29.32% | Few: 7.68%
2026-02-25 10:34:21 - LT_baseline - INFO - Epoch 72: Best Acc = 31.82%

2026-02-25 10:34:22 - LT_baseline - INFO - Epoch [73][50/87] Loss 0.6077 (0.5022) Acc@1 82.81 (84.89) Acc@5 95.31 (98.25)
2026-02-25 10:34:24 - LT_baseline - INFO - [Val] Loss: 4.4651 | Overall: 31.56% | Many: 55.40% | Medium: 27.35% | Few: 9.26%
2026-02-25 10:34:24 - LT_baseline - INFO - Epoch 73: Best Acc = 31.82%

2026-02-25 10:34:25 - LT_baseline - INFO - Epoch [74][50/87] Loss 0.5100 (0.4736) Acc@1 87.50 (84.92) Acc@5 98.44 (98.48)
2026-02-25 10:34:27 - LT_baseline - INFO - [Val] Loss: 4.9680 | Overall: 30.21% | Many: 55.34% | Medium: 25.97% | Few: 6.48%
2026-02-25 10:34:27 - LT_baseline - INFO - Epoch 74: Best Acc = 31.82%

2026-02-25 10:34:28 - LT_baseline - INFO - Epoch [75][50/87] Loss 0.4901 (0.4493) Acc@1 84.38 (85.77) Acc@5 98.44 (98.83)
2026-02-25 10:34:30 - LT_baseline - INFO - [Val] Loss: 4.7146 | Overall: 30.78% | Many: 53.57% | Medium: 25.76% | Few: 10.55%
2026-02-25 10:34:30 - LT_baseline - INFO - Epoch 75: Best Acc = 31.82%

2026-02-25 10:34:31 - LT_baseline - INFO - Epoch [76][50/87] Loss 0.3454 (0.4861) Acc@1 91.41 (84.80) Acc@5 99.22 (98.47)
2026-02-25 10:34:33 - LT_baseline - INFO - [Val] Loss: 4.5731 | Overall: 32.29% | Many: 57.43% | Medium: 28.59% | Few: 7.97%
2026-02-25 10:34:33 - LT_baseline - INFO - Epoch 76: Best Acc = 32.29%

2026-02-25 10:34:34 - LT_baseline - INFO - Epoch [77][50/87] Loss 0.5662 (0.4549) Acc@1 84.38 (85.39) Acc@5 97.66 (98.70)
2026-02-25 10:34:36 - LT_baseline - INFO - [Val] Loss: 4.6046 | Overall: 30.89% | Many: 56.37% | Medium: 23.53% | Few: 10.19%
2026-02-25 10:34:36 - LT_baseline - INFO - Epoch 77: Best Acc = 32.29%

2026-02-25 10:34:37 - LT_baseline - INFO - Epoch [78][50/87] Loss 0.4198 (0.4421) Acc@1 88.28 (86.27) Acc@5 98.44 (98.64)
2026-02-25 10:34:39 - LT_baseline - INFO - [Val] Loss: 4.6394 | Overall: 31.02% | Many: 55.54% | Medium: 24.82% | Few: 10.13%
2026-02-25 10:34:39 - LT_baseline - INFO - Epoch 78: Best Acc = 32.29%

2026-02-25 10:34:41 - LT_baseline - INFO - Epoch [79][50/87] Loss 0.4685 (0.4204) Acc@1 85.16 (87.06) Acc@5 97.66 (98.61)
2026-02-25 10:34:42 - LT_baseline - INFO - [Val] Loss: 4.8330 | Overall: 31.56% | Many: 55.40% | Medium: 28.21% | Few: 8.32%
2026-02-25 10:34:42 - LT_baseline - INFO - Epoch 79: Best Acc = 32.29%

2026-02-25 10:34:44 - LT_baseline - INFO - Epoch [80][50/87] Loss 0.4163 (0.4682) Acc@1 88.28 (85.06) Acc@5 98.44 (98.61)
2026-02-25 10:34:45 - LT_baseline - INFO - [Val] Loss: 4.5671 | Overall: 31.80% | Many: 56.06% | Medium: 29.00% | Few: 7.48%
2026-02-25 10:34:45 - LT_baseline - INFO - Epoch 80: Best Acc = 32.29%

2026-02-25 10:34:47 - LT_baseline - INFO - Epoch [81][50/87] Loss 0.3255 (0.4209) Acc@1 91.41 (86.89) Acc@5 100.00 (98.83)
2026-02-25 10:34:48 - LT_baseline - INFO - [Val] Loss: 4.7047 | Overall: 31.43% | Many: 56.51% | Medium: 27.91% | Few: 6.97%
2026-02-25 10:34:48 - LT_baseline - INFO - Epoch 81: Best Acc = 32.29%

2026-02-25 10:34:50 - LT_baseline - INFO - Epoch [82][50/87] Loss 0.4386 (0.3814) Acc@1 84.38 (87.94) Acc@5 99.22 (99.20)
2026-02-25 10:34:51 - LT_baseline - INFO - [Val] Loss: 5.0887 | Overall: 29.42% | Many: 47.86% | Medium: 27.68% | Few: 10.52%
2026-02-25 10:34:51 - LT_baseline - INFO - Epoch 82: Best Acc = 32.29%

2026-02-25 10:34:52 - LT_baseline - INFO - Epoch [83][50/87] Loss 0.3209 (0.4258) Acc@1 88.28 (86.44) Acc@5 100.00 (98.91)
2026-02-25 10:34:54 - LT_baseline - INFO - [Val] Loss: 4.8292 | Overall: 30.97% | Many: 53.69% | Medium: 26.65% | Few: 10.06%
2026-02-25 10:34:54 - LT_baseline - INFO - Epoch 83: Best Acc = 32.29%

2026-02-25 10:34:55 - LT_baseline - INFO - Epoch [84][50/87] Loss 0.4024 (0.3652) Acc@1 89.06 (88.62) Acc@5 99.22 (99.23)
2026-02-25 10:34:57 - LT_baseline - INFO - [Val] Loss: 4.6228 | Overall: 32.97% | Many: 55.29% | Medium: 31.12% | Few: 9.81%
2026-02-25 10:34:57 - LT_baseline - INFO - Epoch 84: Best Acc = 32.97%

2026-02-25 10:34:58 - LT_baseline - INFO - Epoch [85][50/87] Loss 0.3658 (0.3629) Acc@1 88.28 (88.48) Acc@5 99.22 (99.22)
2026-02-25 10:35:00 - LT_baseline - INFO - [Val] Loss: 4.5764 | Overall: 31.70% | Many: 54.60% | Medium: 29.85% | Few: 7.87%
2026-02-25 10:35:00 - LT_baseline - INFO - Epoch 85: Best Acc = 32.97%

2026-02-25 10:35:01 - LT_baseline - INFO - Epoch [86][50/87] Loss 0.4467 (0.4015) Acc@1 84.38 (87.00) Acc@5 100.00 (99.09)
2026-02-25 10:35:03 - LT_baseline - INFO - [Val] Loss: 4.5038 | Overall: 32.01% | Many: 56.77% | Medium: 27.88% | Few: 8.58%
2026-02-25 10:35:03 - LT_baseline - INFO - Epoch 86: Best Acc = 32.97%

2026-02-25 10:35:04 - LT_baseline - INFO - Epoch [87][50/87] Loss 0.2777 (0.3761) Acc@1 90.62 (87.69) Acc@5 100.00 (99.20)
2026-02-25 10:35:06 - LT_baseline - INFO - [Val] Loss: 4.7069 | Overall: 32.11% | Many: 58.17% | Medium: 27.29% | Few: 7.97%
2026-02-25 10:35:06 - LT_baseline - INFO - Epoch 87: Best Acc = 32.97%

2026-02-25 10:35:07 - LT_baseline - INFO - Epoch [88][50/87] Loss 0.3076 (0.3504) Acc@1 90.62 (88.78) Acc@5 100.00 (99.30)
2026-02-25 10:35:09 - LT_baseline - INFO - [Val] Loss: 4.8929 | Overall: 31.71% | Many: 55.89% | Medium: 28.03% | Few: 8.45%
2026-02-25 10:35:09 - LT_baseline - INFO - Epoch 88: Best Acc = 32.97%

2026-02-25 10:35:10 - LT_baseline - INFO - Epoch [89][50/87] Loss 0.2345 (0.3415) Acc@1 93.75 (88.78) Acc@5 99.22 (99.38)
2026-02-25 10:35:12 - LT_baseline - INFO - [Val] Loss: 4.7617 | Overall: 31.66% | Many: 53.63% | Medium: 29.06% | Few: 9.71%
2026-02-25 10:35:12 - LT_baseline - INFO - Epoch 89: Best Acc = 32.97%

2026-02-25 10:35:13 - LT_baseline - INFO - Epoch [90][50/87] Loss 0.3755 (0.3694) Acc@1 88.28 (88.11) Acc@5 99.22 (99.20)
2026-02-25 10:35:15 - LT_baseline - INFO - [Val] Loss: 4.4214 | Overall: 32.86% | Many: 57.34% | Medium: 27.94% | Few: 10.61%
2026-02-25 10:35:15 - LT_baseline - INFO - Epoch 90: Best Acc = 32.97%

2026-02-25 10:35:16 - LT_baseline - INFO - Epoch [91][50/87] Loss 0.4517 (0.3696) Acc@1 85.16 (88.66) Acc@5 100.00 (99.11)
2026-02-25 10:35:18 - LT_baseline - INFO - [Val] Loss: 5.1050 | Overall: 31.74% | Many: 58.43% | Medium: 26.29% | Few: 7.58%
2026-02-25 10:35:18 - LT_baseline - INFO - Epoch 91: Best Acc = 32.97%

2026-02-25 10:35:19 - LT_baseline - INFO - Epoch [92][50/87] Loss 0.2335 (0.3129) Acc@1 92.97 (89.75) Acc@5 100.00 (99.39)
2026-02-25 10:35:21 - LT_baseline - INFO - [Val] Loss: 4.8936 | Overall: 32.91% | Many: 58.60% | Medium: 30.06% | Few: 7.03%
2026-02-25 10:35:21 - LT_baseline - INFO - Epoch 92: Best Acc = 32.97%

2026-02-25 10:35:22 - LT_baseline - INFO - Epoch [93][50/87] Loss 0.3152 (0.3052) Acc@1 90.62 (90.08) Acc@5 100.00 (99.52)
2026-02-25 10:35:24 - LT_baseline - INFO - [Val] Loss: 4.6072 | Overall: 32.42% | Many: 55.49% | Medium: 30.26% | Few: 8.74%
2026-02-25 10:35:24 - LT_baseline - INFO - Epoch 93: Best Acc = 32.97%

2026-02-25 10:35:25 - LT_baseline - INFO - Epoch [94][50/87] Loss 0.4346 (0.3551) Acc@1 89.84 (88.78) Acc@5 99.22 (99.12)
2026-02-25 10:35:27 - LT_baseline - INFO - [Val] Loss: 5.5613 | Overall: 29.53% | Many: 54.83% | Medium: 22.76% | Few: 8.39%
2026-02-25 10:35:27 - LT_baseline - INFO - Epoch 94: Best Acc = 32.97%

2026-02-25 10:35:28 - LT_baseline - INFO - Epoch [95][50/87] Loss 0.4161 (0.3679) Acc@1 84.38 (88.72) Acc@5 98.44 (99.17)
2026-02-25 10:35:30 - LT_baseline - INFO - [Val] Loss: 4.7467 | Overall: 32.34% | Many: 56.06% | Medium: 28.59% | Few: 9.68%
2026-02-25 10:35:30 - LT_baseline - INFO - Epoch 95: Best Acc = 32.97%

2026-02-25 10:35:31 - LT_baseline - INFO - Epoch [96][50/87] Loss 0.4058 (0.3441) Acc@1 86.72 (89.03) Acc@5 99.22 (99.28)
2026-02-25 10:35:33 - LT_baseline - INFO - [Val] Loss: 4.5837 | Overall: 32.70% | Many: 53.83% | Medium: 32.50% | Few: 9.06%
2026-02-25 10:35:33 - LT_baseline - INFO - Epoch 96: Best Acc = 32.97%

2026-02-25 10:35:34 - LT_baseline - INFO - Epoch [97][50/87] Loss 0.3509 (0.3108) Acc@1 87.50 (90.03) Acc@5 99.22 (99.44)
2026-02-25 10:35:36 - LT_baseline - INFO - [Val] Loss: 4.8359 | Overall: 31.84% | Many: 56.89% | Medium: 26.94% | Few: 8.94%
2026-02-25 10:35:36 - LT_baseline - INFO - Epoch 97: Best Acc = 32.97%

2026-02-25 10:35:37 - LT_baseline - INFO - Epoch [98][50/87] Loss 0.2497 (0.3350) Acc@1 91.41 (89.42) Acc@5 100.00 (99.36)
2026-02-25 10:35:38 - LT_baseline - INFO - [Val] Loss: 4.9285 | Overall: 31.16% | Many: 52.74% | Medium: 29.88% | Few: 8.19%
2026-02-25 10:35:38 - LT_baseline - INFO - Epoch 98: Best Acc = 32.97%

2026-02-25 10:35:40 - LT_baseline - INFO - Epoch [99][50/87] Loss 0.3229 (0.3340) Acc@1 92.19 (89.64) Acc@5 99.22 (99.33)
2026-02-25 10:35:41 - LT_baseline - INFO - [Val] Loss: 5.2448 | Overall: 30.19% | Many: 54.20% | Medium: 26.53% | Few: 7.10%
2026-02-25 10:35:41 - LT_baseline - INFO - Epoch 99: Best Acc = 32.97%

2026-02-25 10:35:43 - LT_baseline - INFO - Epoch [100][50/87] Loss 0.3123 (0.3070) Acc@1 91.41 (90.12) Acc@5 99.22 (99.50)
2026-02-25 10:35:44 - LT_baseline - INFO - [Val] Loss: 5.2383 | Overall: 31.81% | Many: 55.17% | Medium: 27.53% | Few: 10.13%
2026-02-25 10:35:44 - LT_baseline - INFO - Epoch 100: Best Acc = 32.97%

2026-02-25 10:35:46 - LT_baseline - INFO - Epoch [101][50/87] Loss 0.3377 (0.3296) Acc@1 89.84 (89.42) Acc@5 98.44 (99.39)
2026-02-25 10:35:47 - LT_baseline - INFO - [Val] Loss: 5.0208 | Overall: 31.59% | Many: 56.46% | Medium: 26.82% | Few: 8.74%
2026-02-25 10:35:47 - LT_baseline - INFO - Epoch 101: Best Acc = 32.97%

2026-02-25 10:35:49 - LT_baseline - INFO - Epoch [102][50/87] Loss 0.2866 (0.3320) Acc@1 90.62 (88.83) Acc@5 99.22 (99.28)
2026-02-25 10:35:50 - LT_baseline - INFO - [Val] Loss: 4.9647 | Overall: 32.53% | Many: 56.34% | Medium: 27.97% | Few: 10.65%
2026-02-25 10:35:50 - LT_baseline - INFO - Epoch 102: Best Acc = 32.97%

2026-02-25 10:35:52 - LT_baseline - INFO - Epoch [103][50/87] Loss 0.2353 (0.3187) Acc@1 92.19 (89.89) Acc@5 100.00 (99.47)
2026-02-25 10:35:53 - LT_baseline - INFO - [Val] Loss: 5.1228 | Overall: 31.41% | Many: 54.97% | Medium: 28.65% | Few: 7.84%
2026-02-25 10:35:53 - LT_baseline - INFO - Epoch 103: Best Acc = 32.97%

2026-02-25 10:35:55 - LT_baseline - INFO - Epoch [104][50/87] Loss 0.3410 (0.3139) Acc@1 91.41 (90.06) Acc@5 99.22 (99.44)
2026-02-25 10:35:56 - LT_baseline - INFO - [Val] Loss: 4.8383 | Overall: 32.71% | Many: 56.69% | Medium: 29.21% | Few: 9.48%
2026-02-25 10:35:56 - LT_baseline - INFO - Epoch 104: Best Acc = 32.97%

2026-02-25 10:35:57 - LT_baseline - INFO - Epoch [105][50/87] Loss 0.1657 (0.2923) Acc@1 93.75 (90.70) Acc@5 100.00 (99.34)
2026-02-25 10:35:59 - LT_baseline - INFO - [Val] Loss: 4.9899 | Overall: 31.74% | Many: 55.66% | Medium: 25.94% | Few: 11.10%
2026-02-25 10:35:59 - LT_baseline - INFO - Epoch 105: Best Acc = 32.97%

2026-02-25 10:36:00 - LT_baseline - INFO - Epoch [106][50/87] Loss 0.2297 (0.2855) Acc@1 91.41 (90.81) Acc@5 100.00 (99.52)
2026-02-25 10:36:02 - LT_baseline - INFO - [Val] Loss: 5.3622 | Overall: 32.13% | Many: 58.03% | Medium: 27.68% | Few: 7.77%
2026-02-25 10:36:02 - LT_baseline - INFO - Epoch 106: Best Acc = 32.97%

2026-02-25 10:36:03 - LT_baseline - INFO - Epoch [107][50/87] Loss 0.2808 (0.2861) Acc@1 92.19 (90.58) Acc@5 99.22 (99.55)
2026-02-25 10:36:05 - LT_baseline - INFO - [Val] Loss: 5.2375 | Overall: 31.67% | Many: 56.11% | Medium: 28.56% | Few: 7.48%
2026-02-25 10:36:05 - LT_baseline - INFO - Epoch 107: Best Acc = 32.97%

2026-02-25 10:36:06 - LT_baseline - INFO - Epoch [108][50/87] Loss 0.3939 (0.3051) Acc@1 87.50 (90.62) Acc@5 99.22 (99.41)
2026-02-25 10:36:08 - LT_baseline - INFO - [Val] Loss: 5.1249 | Overall: 32.62% | Many: 55.60% | Medium: 30.35% | Few: 9.16%
2026-02-25 10:36:08 - LT_baseline - INFO - Epoch 108: Best Acc = 32.97%

2026-02-25 10:36:09 - LT_baseline - INFO - Epoch [109][50/87] Loss 0.3053 (0.2963) Acc@1 88.28 (90.67) Acc@5 100.00 (99.45)
2026-02-25 10:36:11 - LT_baseline - INFO - [Val] Loss: 5.1063 | Overall: 32.71% | Many: 56.00% | Medium: 31.38% | Few: 7.87%
2026-02-25 10:36:11 - LT_baseline - INFO - Epoch 109: Best Acc = 32.97%

2026-02-25 10:36:12 - LT_baseline - INFO - Epoch [110][50/87] Loss 0.2507 (0.2541) Acc@1 92.19 (92.00) Acc@5 100.00 (99.50)
2026-02-25 10:36:14 - LT_baseline - INFO - [Val] Loss: 4.9674 | Overall: 32.15% | Many: 54.60% | Medium: 28.94% | Few: 10.32%
2026-02-25 10:36:14 - LT_baseline - INFO - Epoch 110: Best Acc = 32.97%

2026-02-25 10:36:15 - LT_baseline - INFO - Epoch [111][50/87] Loss 0.3695 (0.3035) Acc@1 89.06 (90.14) Acc@5 99.22 (99.28)
2026-02-25 10:36:17 - LT_baseline - INFO - [Val] Loss: 5.0932 | Overall: 30.84% | Many: 54.86% | Medium: 26.62% | Few: 8.35%
2026-02-25 10:36:17 - LT_baseline - INFO - Epoch 111: Best Acc = 32.97%

2026-02-25 10:36:18 - LT_baseline - INFO - Epoch [112][50/87] Loss 0.2477 (0.2979) Acc@1 89.06 (90.62) Acc@5 100.00 (99.58)
2026-02-25 10:36:20 - LT_baseline - INFO - [Val] Loss: 4.8026 | Overall: 32.95% | Many: 56.00% | Medium: 30.00% | Few: 10.16%
2026-02-25 10:36:20 - LT_baseline - INFO - Epoch 112: Best Acc = 32.97%

2026-02-25 10:36:21 - LT_baseline - INFO - Epoch [113][50/87] Loss 0.2648 (0.3222) Acc@1 91.41 (89.72) Acc@5 100.00 (99.45)
2026-02-25 10:36:23 - LT_baseline - INFO - [Val] Loss: 5.1156 | Overall: 33.45% | Many: 58.86% | Medium: 30.15% | Few: 8.39%
2026-02-25 10:36:23 - LT_baseline - INFO - Epoch 113: Best Acc = 33.45%

2026-02-25 10:36:24 - LT_baseline - INFO - Epoch [114][50/87] Loss 0.3673 (0.3038) Acc@1 88.28 (90.08) Acc@5 100.00 (99.44)
2026-02-25 10:36:26 - LT_baseline - INFO - [Val] Loss: 4.9938 | Overall: 32.99% | Many: 56.06% | Medium: 31.65% | Few: 8.42%
2026-02-25 10:36:26 - LT_baseline - INFO - Epoch 114: Best Acc = 33.45%

2026-02-25 10:36:27 - LT_baseline - INFO - Epoch [115][50/87] Loss 0.3500 (0.2719) Acc@1 88.28 (91.28) Acc@5 98.44 (99.48)
2026-02-25 10:36:29 - LT_baseline - INFO - [Val] Loss: 4.8661 | Overall: 32.95% | Many: 57.09% | Medium: 29.50% | Few: 9.48%
2026-02-25 10:36:29 - LT_baseline - INFO - Epoch 115: Best Acc = 33.45%

2026-02-25 10:36:30 - LT_baseline - INFO - Epoch [116][50/87] Loss 0.3419 (0.2553) Acc@1 89.06 (91.66) Acc@5 99.22 (99.67)
2026-02-25 10:36:32 - LT_baseline - INFO - [Val] Loss: 5.5151 | Overall: 31.46% | Many: 56.54% | Medium: 26.06% | Few: 9.06%
2026-02-25 10:36:32 - LT_baseline - INFO - Epoch 116: Best Acc = 33.45%

2026-02-25 10:36:33 - LT_baseline - INFO - Epoch [117][50/87] Loss 0.2552 (0.3056) Acc@1 89.84 (89.98) Acc@5 99.22 (99.31)
2026-02-25 10:36:35 - LT_baseline - INFO - [Val] Loss: 5.1712 | Overall: 31.94% | Many: 53.11% | Medium: 30.74% | Few: 9.35%
2026-02-25 10:36:35 - LT_baseline - INFO - Epoch 117: Best Acc = 33.45%

2026-02-25 10:36:36 - LT_baseline - INFO - Epoch [118][50/87] Loss 0.3490 (0.3077) Acc@1 90.62 (89.92) Acc@5 100.00 (99.45)
2026-02-25 10:36:38 - LT_baseline - INFO - [Val] Loss: 5.1883 | Overall: 31.58% | Many: 56.20% | Medium: 28.56% | Few: 7.10%
2026-02-25 10:36:38 - LT_baseline - INFO - Epoch 118: Best Acc = 33.45%

2026-02-25 10:36:39 - LT_baseline - INFO - Epoch [119][50/87] Loss 0.2416 (0.2772) Acc@1 91.41 (90.78) Acc@5 100.00 (99.61)
2026-02-25 10:36:40 - LT_baseline - INFO - [Val] Loss: 5.1107 | Overall: 30.94% | Many: 52.00% | Medium: 29.18% | Few: 9.10%
2026-02-25 10:36:40 - LT_baseline - INFO - Epoch 119: Best Acc = 33.45%

2026-02-25 10:36:42 - LT_baseline - INFO - Epoch [120][50/87] Loss 0.4225 (0.2820) Acc@1 86.72 (90.59) Acc@5 99.22 (99.56)
2026-02-25 10:36:43 - LT_baseline - INFO - [Val] Loss: 5.2610 | Overall: 32.19% | Many: 56.69% | Medium: 28.00% | Few: 9.13%
2026-02-25 10:36:43 - LT_baseline - INFO - Epoch 120: Best Acc = 33.45%

2026-02-25 10:36:45 - LT_baseline - INFO - Epoch [121][50/87] Loss 0.3006 (0.2695) Acc@1 89.84 (91.97) Acc@5 100.00 (99.41)
2026-02-25 10:36:46 - LT_baseline - INFO - [Val] Loss: 5.0456 | Overall: 32.22% | Many: 57.17% | Medium: 29.29% | Few: 7.26%
2026-02-25 10:36:46 - LT_baseline - INFO - Epoch 121: Best Acc = 33.45%

2026-02-25 10:36:48 - LT_baseline - INFO - Epoch [122][50/87] Loss 0.1457 (0.2531) Acc@1 93.75 (91.66) Acc@5 100.00 (99.73)
2026-02-25 10:36:49 - LT_baseline - INFO - [Val] Loss: 4.8512 | Overall: 34.23% | Many: 58.66% | Medium: 31.00% | Few: 10.19%
2026-02-25 10:36:49 - LT_baseline - INFO - Epoch 122: Best Acc = 34.23%

2026-02-25 10:36:51 - LT_baseline - INFO - Epoch [123][50/87] Loss 0.2143 (0.2240) Acc@1 92.19 (92.70) Acc@5 100.00 (99.75)
2026-02-25 10:36:52 - LT_baseline - INFO - [Val] Loss: 5.2852 | Overall: 32.52% | Many: 56.14% | Medium: 28.85% | Few: 9.87%
2026-02-25 10:36:52 - LT_baseline - INFO - Epoch 123: Best Acc = 34.23%

2026-02-25 10:36:54 - LT_baseline - INFO - Epoch [124][50/87] Loss 0.1506 (0.2364) Acc@1 96.88 (92.66) Acc@5 100.00 (99.56)
2026-02-25 10:36:55 - LT_baseline - INFO - [Val] Loss: 5.0173 | Overall: 33.35% | Many: 55.60% | Medium: 30.59% | Few: 11.26%
2026-02-25 10:36:55 - LT_baseline - INFO - Epoch 124: Best Acc = 34.23%

2026-02-25 10:36:57 - LT_baseline - INFO - Epoch [125][50/87] Loss 0.2904 (0.2373) Acc@1 89.84 (92.59) Acc@5 100.00 (99.73)
2026-02-25 10:36:58 - LT_baseline - INFO - [Val] Loss: 5.2069 | Overall: 33.05% | Many: 56.63% | Medium: 31.21% | Few: 8.45%
2026-02-25 10:36:58 - LT_baseline - INFO - Epoch 125: Best Acc = 34.23%

2026-02-25 10:36:59 - LT_baseline - INFO - Epoch [126][50/87] Loss 0.2323 (0.2070) Acc@1 92.19 (93.58) Acc@5 100.00 (99.83)
2026-02-25 10:37:01 - LT_baseline - INFO - [Val] Loss: 5.2070 | Overall: 31.92% | Many: 54.66% | Medium: 27.74% | Few: 10.84%
2026-02-25 10:37:01 - LT_baseline - INFO - Epoch 126: Best Acc = 34.23%

2026-02-25 10:37:02 - LT_baseline - INFO - Epoch [127][50/87] Loss 0.3064 (0.2126) Acc@1 89.84 (93.28) Acc@5 100.00 (99.78)
2026-02-25 10:37:04 - LT_baseline - INFO - [Val] Loss: 5.3937 | Overall: 32.26% | Many: 54.60% | Medium: 30.38% | Few: 9.10%
2026-02-25 10:37:04 - LT_baseline - INFO - Epoch 127: Best Acc = 34.23%

2026-02-25 10:37:05 - LT_baseline - INFO - Epoch [128][50/87] Loss 0.1801 (0.2882) Acc@1 96.09 (90.98) Acc@5 99.22 (99.45)
2026-02-25 10:37:07 - LT_baseline - INFO - [Val] Loss: 5.1949 | Overall: 32.90% | Many: 57.17% | Medium: 29.15% | Few: 9.61%
2026-02-25 10:37:07 - LT_baseline - INFO - Epoch 128: Best Acc = 34.23%

2026-02-25 10:37:08 - LT_baseline - INFO - Epoch [129][50/87] Loss 0.3257 (0.2885) Acc@1 90.62 (90.72) Acc@5 100.00 (99.50)
2026-02-25 10:37:10 - LT_baseline - INFO - [Val] Loss: 5.2858 | Overall: 33.30% | Many: 58.03% | Medium: 30.03% | Few: 8.97%
2026-02-25 10:37:10 - LT_baseline - INFO - Epoch 129: Best Acc = 34.23%

2026-02-25 10:37:11 - LT_baseline - INFO - Epoch [130][50/87] Loss 0.3051 (0.2864) Acc@1 90.62 (90.75) Acc@5 100.00 (99.61)
2026-02-25 10:37:13 - LT_baseline - INFO - [Val] Loss: 4.9269 | Overall: 32.97% | Many: 57.54% | Medium: 28.91% | Few: 9.68%
2026-02-25 10:37:13 - LT_baseline - INFO - Epoch 130: Best Acc = 34.23%

2026-02-25 10:37:14 - LT_baseline - INFO - Epoch [131][50/87] Loss 0.2574 (0.2655) Acc@1 90.62 (91.17) Acc@5 99.22 (99.64)
2026-02-25 10:37:16 - LT_baseline - INFO - [Val] Loss: 5.1917 | Overall: 33.99% | Many: 57.66% | Medium: 33.18% | Few: 8.16%
2026-02-25 10:37:16 - LT_baseline - INFO - Epoch 131: Best Acc = 34.23%

2026-02-25 10:37:17 - LT_baseline - INFO - Epoch [132][50/87] Loss 0.2567 (0.2119) Acc@1 92.19 (93.31) Acc@5 100.00 (99.73)
2026-02-25 10:37:19 - LT_baseline - INFO - [Val] Loss: 5.6014 | Overall: 32.97% | Many: 54.80% | Medium: 31.09% | Few: 10.39%
2026-02-25 10:37:19 - LT_baseline - INFO - Epoch 132: Best Acc = 34.23%

2026-02-25 10:37:20 - LT_baseline - INFO - Epoch [133][50/87] Loss 0.2198 (0.2175) Acc@1 92.19 (93.12) Acc@5 100.00 (99.67)
2026-02-25 10:37:22 - LT_baseline - INFO - [Val] Loss: 5.1681 | Overall: 32.81% | Many: 56.37% | Medium: 30.24% | Few: 9.03%
2026-02-25 10:37:22 - LT_baseline - INFO - Epoch 133: Best Acc = 34.23%

2026-02-25 10:37:23 - LT_baseline - INFO - Epoch [134][50/87] Loss 0.1980 (0.2477) Acc@1 94.53 (91.94) Acc@5 100.00 (99.78)
2026-02-25 10:37:25 - LT_baseline - INFO - [Val] Loss: 5.1100 | Overall: 31.70% | Many: 55.23% | Medium: 26.38% | Few: 10.97%
2026-02-25 10:37:25 - LT_baseline - INFO - Epoch 134: Best Acc = 34.23%

2026-02-25 10:37:26 - LT_baseline - INFO - Epoch [135][50/87] Loss 0.2597 (0.2787) Acc@1 93.75 (91.27) Acc@5 99.22 (99.47)
2026-02-25 10:37:28 - LT_baseline - INFO - [Val] Loss: 5.1714 | Overall: 32.20% | Many: 57.34% | Medium: 27.35% | Few: 9.13%
2026-02-25 10:37:28 - LT_baseline - INFO - Epoch 135: Best Acc = 34.23%

2026-02-25 10:37:29 - LT_baseline - INFO - Epoch [136][50/87] Loss 0.2893 (0.2456) Acc@1 91.41 (92.44) Acc@5 100.00 (99.59)
2026-02-25 10:37:31 - LT_baseline - INFO - [Val] Loss: 5.3606 | Overall: 33.18% | Many: 58.40% | Medium: 28.21% | Few: 10.16%
2026-02-25 10:37:31 - LT_baseline - INFO - Epoch 136: Best Acc = 34.23%

2026-02-25 10:37:32 - LT_baseline - INFO - Epoch [137][50/87] Loss 0.1991 (0.2434) Acc@1 92.97 (92.14) Acc@5 100.00 (99.62)
2026-02-25 10:37:34 - LT_baseline - INFO - [Val] Loss: 5.0025 | Overall: 34.05% | Many: 57.89% | Medium: 32.15% | Few: 9.23%
2026-02-25 10:37:34 - LT_baseline - INFO - Epoch 137: Best Acc = 34.23%

2026-02-25 10:37:35 - LT_baseline - INFO - Epoch [138][50/87] Loss 0.1833 (0.1974) Acc@1 95.31 (93.62) Acc@5 100.00 (99.86)
2026-02-25 10:37:37 - LT_baseline - INFO - [Val] Loss: 5.2274 | Overall: 33.19% | Many: 57.37% | Medium: 30.68% | Few: 8.65%
2026-02-25 10:37:37 - LT_baseline - INFO - Epoch 138: Best Acc = 34.23%

2026-02-25 10:37:38 - LT_baseline - INFO - Epoch [139][50/87] Loss 0.2830 (0.2189) Acc@1 91.41 (93.14) Acc@5 100.00 (99.78)
2026-02-25 10:37:40 - LT_baseline - INFO - [Val] Loss: 5.1151 | Overall: 32.54% | Many: 52.91% | Medium: 32.88% | Few: 9.16%
2026-02-25 10:37:40 - LT_baseline - INFO - Epoch 139: Best Acc = 34.23%

2026-02-25 10:37:41 - LT_baseline - INFO - Epoch [140][50/87] Loss 0.1638 (0.2320) Acc@1 95.31 (92.84) Acc@5 100.00 (99.75)
2026-02-25 10:37:43 - LT_baseline - INFO - [Val] Loss: 5.5054 | Overall: 31.55% | Many: 55.29% | Medium: 26.74% | Few: 10.03%
2026-02-25 10:37:43 - LT_baseline - INFO - Epoch 140: Best Acc = 34.23%

2026-02-25 10:37:44 - LT_baseline - INFO - Epoch [141][50/87] Loss 0.2559 (0.2409) Acc@1 92.19 (92.41) Acc@5 100.00 (99.77)
2026-02-25 10:37:45 - LT_baseline - INFO - [Val] Loss: 5.0029 | Overall: 32.79% | Many: 57.23% | Medium: 29.29% | Few: 9.03%
2026-02-25 10:37:45 - LT_baseline - INFO - Epoch 141: Best Acc = 34.23%

2026-02-25 10:37:47 - LT_baseline - INFO - Epoch [142][50/87] Loss 0.1363 (0.2165) Acc@1 96.09 (93.20) Acc@5 100.00 (99.78)
2026-02-25 10:37:48 - LT_baseline - INFO - [Val] Loss: 5.3069 | Overall: 32.34% | Many: 56.23% | Medium: 28.38% | Few: 9.71%
2026-02-25 10:37:48 - LT_baseline - INFO - Epoch 142: Best Acc = 34.23%

2026-02-25 10:37:50 - LT_baseline - INFO - Epoch [143][50/87] Loss 0.1169 (0.1775) Acc@1 96.88 (94.31) Acc@5 100.00 (99.84)
2026-02-25 10:37:51 - LT_baseline - INFO - [Val] Loss: 5.2268 | Overall: 31.58% | Many: 55.29% | Medium: 26.85% | Few: 10.00%
2026-02-25 10:37:51 - LT_baseline - INFO - Epoch 143: Best Acc = 34.23%

2026-02-25 10:37:53 - LT_baseline - INFO - Epoch [144][50/87] Loss 0.4210 (0.2513) Acc@1 86.72 (92.03) Acc@5 100.00 (99.69)
2026-02-25 10:37:54 - LT_baseline - INFO - [Val] Loss: 5.1852 | Overall: 30.25% | Many: 53.54% | Medium: 24.65% | Few: 10.10%
2026-02-25 10:37:54 - LT_baseline - INFO - Epoch 144: Best Acc = 34.23%

2026-02-25 10:37:56 - LT_baseline - INFO - Epoch [145][50/87] Loss 0.2176 (0.2839) Acc@1 93.75 (91.14) Acc@5 100.00 (99.59)
2026-02-25 10:37:57 - LT_baseline - INFO - [Val] Loss: 4.9961 | Overall: 33.15% | Many: 56.09% | Medium: 31.59% | Few: 8.97%
2026-02-25 10:37:57 - LT_baseline - INFO - Epoch 145: Best Acc = 34.23%

2026-02-25 10:37:58 - LT_baseline - INFO - Epoch [146][50/87] Loss 0.2035 (0.2343) Acc@1 93.75 (92.42) Acc@5 99.22 (99.75)
2026-02-25 10:38:00 - LT_baseline - INFO - [Val] Loss: 5.4112 | Overall: 32.85% | Many: 56.51% | Medium: 30.76% | Few: 8.42%
2026-02-25 10:38:00 - LT_baseline - INFO - Epoch 146: Best Acc = 34.23%

2026-02-25 10:38:01 - LT_baseline - INFO - Epoch [147][50/87] Loss 0.2082 (0.2217) Acc@1 95.31 (93.03) Acc@5 98.44 (99.73)
2026-02-25 10:38:03 - LT_baseline - INFO - [Val] Loss: 5.7002 | Overall: 29.40% | Many: 53.31% | Medium: 25.56% | Few: 6.61%
2026-02-25 10:38:03 - LT_baseline - INFO - Epoch 147: Best Acc = 34.23%

2026-02-25 10:38:04 - LT_baseline - INFO - Epoch [148][50/87] Loss 0.2156 (0.2082) Acc@1 92.97 (93.69) Acc@5 100.00 (99.80)
2026-02-25 10:38:06 - LT_baseline - INFO - [Val] Loss: 5.4115 | Overall: 31.85% | Many: 56.57% | Medium: 28.79% | Few: 7.29%
2026-02-25 10:38:06 - LT_baseline - INFO - Epoch 148: Best Acc = 34.23%

2026-02-25 10:38:07 - LT_baseline - INFO - Epoch [149][50/87] Loss 0.3815 (0.2361) Acc@1 89.84 (92.53) Acc@5 99.22 (99.72)
2026-02-25 10:38:09 - LT_baseline - INFO - [Val] Loss: 4.9919 | Overall: 33.51% | Many: 55.51% | Medium: 31.88% | Few: 10.45%
2026-02-25 10:38:09 - LT_baseline - INFO - Epoch 149: Best Acc = 34.23%

2026-02-25 10:38:10 - LT_baseline - INFO - Epoch [150][50/87] Loss 0.2655 (0.2355) Acc@1 92.19 (92.70) Acc@5 99.22 (99.56)
2026-02-25 10:38:12 - LT_baseline - INFO - [Val] Loss: 5.0840 | Overall: 34.44% | Many: 58.23% | Medium: 32.68% | Few: 9.52%
2026-02-25 10:38:12 - LT_baseline - INFO - Epoch 150: Best Acc = 34.44%

2026-02-25 10:38:13 - LT_baseline - INFO - Epoch [151][50/87] Loss 0.3812 (0.2178) Acc@1 90.62 (93.20) Acc@5 99.22 (99.72)
2026-02-25 10:38:15 - LT_baseline - INFO - [Val] Loss: 5.6576 | Overall: 31.81% | Many: 57.43% | Medium: 27.85% | Few: 7.23%
2026-02-25 10:38:15 - LT_baseline - INFO - Epoch 151: Best Acc = 34.44%

2026-02-25 10:38:16 - LT_baseline - INFO - Epoch [152][50/87] Loss 0.2573 (0.2089) Acc@1 91.41 (93.12) Acc@5 99.22 (99.81)
2026-02-25 10:38:18 - LT_baseline - INFO - [Val] Loss: 5.5892 | Overall: 32.52% | Many: 56.80% | Medium: 29.59% | Few: 8.32%
2026-02-25 10:38:18 - LT_baseline - INFO - Epoch 152: Best Acc = 34.44%

2026-02-25 10:38:19 - LT_baseline - INFO - Epoch [153][50/87] Loss 0.0910 (0.2133) Acc@1 98.44 (93.34) Acc@5 100.00 (99.80)
2026-02-25 10:38:21 - LT_baseline - INFO - [Val] Loss: 5.7444 | Overall: 30.85% | Many: 53.51% | Medium: 27.85% | Few: 8.55%
2026-02-25 10:38:21 - LT_baseline - INFO - Epoch 153: Best Acc = 34.44%

2026-02-25 10:38:22 - LT_baseline - INFO - Epoch [154][50/87] Loss 0.2781 (0.2185) Acc@1 91.41 (93.16) Acc@5 100.00 (99.75)
2026-02-25 10:38:24 - LT_baseline - INFO - [Val] Loss: 5.2295 | Overall: 32.76% | Many: 55.17% | Medium: 32.09% | Few: 8.19%
2026-02-25 10:38:24 - LT_baseline - INFO - Epoch 154: Best Acc = 34.44%

2026-02-25 10:38:25 - LT_baseline - INFO - Epoch [155][50/87] Loss 0.2813 (0.2052) Acc@1 91.41 (93.56) Acc@5 100.00 (99.72)
2026-02-25 10:38:27 - LT_baseline - INFO - [Val] Loss: 5.6499 | Overall: 32.06% | Many: 56.60% | Medium: 28.06% | Few: 8.74%
2026-02-25 10:38:27 - LT_baseline - INFO - Epoch 155: Best Acc = 34.44%

2026-02-25 10:38:28 - LT_baseline - INFO - Epoch [156][50/87] Loss 0.2433 (0.2239) Acc@1 92.19 (93.00) Acc@5 99.22 (99.69)
2026-02-25 10:38:30 - LT_baseline - INFO - [Val] Loss: 5.0975 | Overall: 33.66% | Many: 58.23% | Medium: 29.53% | Few: 10.45%
2026-02-25 10:38:30 - LT_baseline - INFO - Epoch 156: Best Acc = 34.44%

2026-02-25 10:38:31 - LT_baseline - INFO - Epoch [157][50/87] Loss 0.2326 (0.2192) Acc@1 92.97 (93.12) Acc@5 99.22 (99.77)
2026-02-25 10:38:33 - LT_baseline - INFO - [Val] Loss: 5.5896 | Overall: 32.89% | Many: 56.46% | Medium: 30.68% | Few: 8.71%
2026-02-25 10:38:33 - LT_baseline - INFO - Epoch 157: Best Acc = 34.44%

2026-02-25 10:38:34 - LT_baseline - INFO - Epoch [158][50/87] Loss 0.2819 (0.2268) Acc@1 92.19 (93.36) Acc@5 99.22 (99.67)
2026-02-25 10:38:36 - LT_baseline - INFO - [Val] Loss: 5.1480 | Overall: 33.60% | Many: 56.49% | Medium: 32.12% | Few: 9.39%
2026-02-25 10:38:36 - LT_baseline - INFO - Epoch 158: Best Acc = 34.44%

2026-02-25 10:38:37 - LT_baseline - INFO - Epoch [159][50/87] Loss 0.1420 (0.2248) Acc@1 96.09 (92.72) Acc@5 100.00 (99.70)
2026-02-25 10:38:38 - LT_baseline - INFO - [Val] Loss: 5.2539 | Overall: 32.33% | Many: 56.97% | Medium: 27.88% | Few: 9.39%
2026-02-25 10:38:39 - LT_baseline - INFO - Epoch 159: Best Acc = 34.44%

2026-02-25 10:38:40 - LT_baseline - INFO - Epoch [160][50/87] Loss 0.1315 (0.1435) Acc@1 94.53 (95.55) Acc@5 100.00 (99.86)
2026-02-25 10:38:41 - LT_baseline - INFO - [Val] Loss: 4.5776 | Overall: 37.01% | Many: 62.71% | Medium: 34.76% | Few: 10.45%
2026-02-25 10:38:41 - LT_baseline - INFO - Epoch 160: Best Acc = 37.01%

2026-02-25 10:38:43 - LT_baseline - INFO - Epoch [161][50/87] Loss 0.1140 (0.0640) Acc@1 96.88 (98.50) Acc@5 100.00 (99.98)
2026-02-25 10:38:44 - LT_baseline - INFO - [Val] Loss: 4.5409 | Overall: 37.17% | Many: 63.17% | Medium: 34.56% | Few: 10.68%
2026-02-25 10:38:44 - LT_baseline - INFO - Epoch 161: Best Acc = 37.17%

2026-02-25 10:38:46 - LT_baseline - INFO - Epoch [162][50/87] Loss 0.0621 (0.0588) Acc@1 98.44 (98.67) Acc@5 100.00 (100.00)
2026-02-25 10:38:47 - LT_baseline - INFO - [Val] Loss: 4.6183 | Overall: 37.33% | Many: 63.51% | Medium: 34.74% | Few: 10.61%
2026-02-25 10:38:47 - LT_baseline - INFO - Epoch 162: Best Acc = 37.33%

2026-02-25 10:38:49 - LT_baseline - INFO - Epoch [163][50/87] Loss 0.0412 (0.0443) Acc@1 99.22 (99.14) Acc@5 100.00 (100.00)
2026-02-25 10:38:50 - LT_baseline - INFO - [Val] Loss: 4.5668 | Overall: 37.51% | Many: 63.29% | Medium: 34.59% | Few: 11.61%
2026-02-25 10:38:50 - LT_baseline - INFO - Epoch 163: Best Acc = 37.51%

2026-02-25 10:38:52 - LT_baseline - INFO - Epoch [164][50/87] Loss 0.0782 (0.0373) Acc@1 99.22 (99.39) Acc@5 100.00 (100.00)
2026-02-25 10:38:53 - LT_baseline - INFO - [Val] Loss: 4.6208 | Overall: 37.32% | Many: 63.51% | Medium: 34.41% | Few: 10.94%
2026-02-25 10:38:53 - LT_baseline - INFO - Epoch 164: Best Acc = 37.51%

2026-02-25 10:38:55 - LT_baseline - INFO - Epoch [165][50/87] Loss 0.0219 (0.0351) Acc@1 100.00 (99.39) Acc@5 100.00 (100.00)
2026-02-25 10:38:56 - LT_baseline - INFO - [Val] Loss: 4.6146 | Overall: 37.62% | Many: 63.69% | Medium: 34.56% | Few: 11.55%
2026-02-25 10:38:56 - LT_baseline - INFO - Epoch 165: Best Acc = 37.62%

2026-02-25 10:38:58 - LT_baseline - INFO - Epoch [166][50/87] Loss 0.0491 (0.0369) Acc@1 99.22 (99.41) Acc@5 100.00 (100.00)
2026-02-25 10:38:59 - LT_baseline - INFO - [Val] Loss: 4.6143 | Overall: 37.56% | Many: 63.60% | Medium: 34.79% | Few: 11.19%
2026-02-25 10:38:59 - LT_baseline - INFO - Epoch 166: Best Acc = 37.62%

2026-02-25 10:39:01 - LT_baseline - INFO - Epoch [167][50/87] Loss 0.0224 (0.0314) Acc@1 100.00 (99.50) Acc@5 100.00 (100.00)
2026-02-25 10:39:02 - LT_baseline - INFO - [Val] Loss: 4.6102 | Overall: 37.70% | Many: 63.69% | Medium: 35.15% | Few: 11.16%
2026-02-25 10:39:02 - LT_baseline - INFO - Epoch 167: Best Acc = 37.70%

2026-02-25 10:39:04 - LT_baseline - INFO - Epoch [168][50/87] Loss 0.0423 (0.0316) Acc@1 98.44 (99.53) Acc@5 100.00 (100.00)
2026-02-25 10:39:05 - LT_baseline - INFO - [Val] Loss: 4.6228 | Overall: 37.62% | Many: 63.91% | Medium: 34.76% | Few: 11.06%
2026-02-25 10:39:05 - LT_baseline - INFO - Epoch 168: Best Acc = 37.70%

2026-02-25 10:39:07 - LT_baseline - INFO - Epoch [169][50/87] Loss 0.0300 (0.0310) Acc@1 100.00 (99.47) Acc@5 100.00 (100.00)
2026-02-25 10:39:08 - LT_baseline - INFO - [Val] Loss: 4.6110 | Overall: 37.57% | Many: 63.66% | Medium: 34.59% | Few: 11.39%
2026-02-25 10:39:08 - LT_baseline - INFO - Epoch 169: Best Acc = 37.70%

2026-02-25 10:39:09 - LT_baseline - INFO - Epoch [170][50/87] Loss 0.0188 (0.0257) Acc@1 100.00 (99.72) Acc@5 100.00 (100.00)
2026-02-25 10:39:11 - LT_baseline - INFO - [Val] Loss: 4.6115 | Overall: 37.94% | Many: 63.83% | Medium: 35.35% | Few: 11.55%
2026-02-25 10:39:11 - LT_baseline - INFO - Epoch 170: Best Acc = 37.94%

2026-02-25 10:39:12 - LT_baseline - INFO - Epoch [171][50/87] Loss 0.0234 (0.0261) Acc@1 100.00 (99.64) Acc@5 100.00 (100.00)
2026-02-25 10:39:14 - LT_baseline - INFO - [Val] Loss: 4.6703 | Overall: 37.72% | Many: 63.71% | Medium: 35.00% | Few: 11.35%
2026-02-25 10:39:14 - LT_baseline - INFO - Epoch 171: Best Acc = 37.94%

2026-02-25 10:39:15 - LT_baseline - INFO - Epoch [172][50/87] Loss 0.0164 (0.0244) Acc@1 100.00 (99.73) Acc@5 100.00 (100.00)
2026-02-25 10:39:17 - LT_baseline - INFO - [Val] Loss: 4.6715 | Overall: 37.73% | Many: 64.03% | Medium: 34.71% | Few: 11.35%
2026-02-25 10:39:17 - LT_baseline - INFO - Epoch 172: Best Acc = 37.94%

2026-02-25 10:39:18 - LT_baseline - INFO - Epoch [173][50/87] Loss 0.0221 (0.0238) Acc@1 99.22 (99.75) Acc@5 100.00 (99.98)
2026-02-25 10:39:20 - LT_baseline - INFO - [Val] Loss: 4.6468 | Overall: 37.85% | Many: 64.23% | Medium: 35.15% | Few: 11.03%
2026-02-25 10:39:20 - LT_baseline - INFO - Epoch 173: Best Acc = 37.94%

2026-02-25 10:39:21 - LT_baseline - INFO - Epoch [174][50/87] Loss 0.0208 (0.0218) Acc@1 99.22 (99.73) Acc@5 100.00 (100.00)
2026-02-25 10:39:23 - LT_baseline - INFO - [Val] Loss: 4.6927 | Overall: 37.63% | Many: 64.34% | Medium: 34.38% | Few: 11.03%
2026-02-25 10:39:23 - LT_baseline - INFO - Epoch 174: Best Acc = 37.94%

2026-02-25 10:39:24 - LT_baseline - INFO - Epoch [175][50/87] Loss 0.0192 (0.0221) Acc@1 100.00 (99.73) Acc@5 100.00 (100.00)
2026-02-25 10:39:26 - LT_baseline - INFO - [Val] Loss: 4.6881 | Overall: 37.72% | Many: 63.80% | Medium: 34.88% | Few: 11.39%
2026-02-25 10:39:26 - LT_baseline - INFO - Epoch 175: Best Acc = 37.94%

2026-02-25 10:39:27 - LT_baseline - INFO - Epoch [176][50/87] Loss 0.0214 (0.0214) Acc@1 100.00 (99.77) Acc@5 100.00 (100.00)
2026-02-25 10:39:29 - LT_baseline - INFO - [Val] Loss: 4.7102 | Overall: 37.45% | Many: 63.54% | Medium: 34.53% | Few: 11.19%
2026-02-25 10:39:29 - LT_baseline - INFO - Epoch 176: Best Acc = 37.94%

2026-02-25 10:39:30 - LT_baseline - INFO - Epoch [177][50/87] Loss 0.0156 (0.0203) Acc@1 100.00 (99.77) Acc@5 100.00 (100.00)
2026-02-25 10:39:32 - LT_baseline - INFO - [Val] Loss: 4.6845 | Overall: 37.58% | Many: 63.89% | Medium: 34.44% | Few: 11.32%
2026-02-25 10:39:32 - LT_baseline - INFO - Epoch 177: Best Acc = 37.94%

2026-02-25 10:39:33 - LT_baseline - INFO - Epoch [178][50/87] Loss 0.0139 (0.0207) Acc@1 100.00 (99.77) Acc@5 100.00 (100.00)
2026-02-25 10:39:35 - LT_baseline - INFO - [Val] Loss: 4.7033 | Overall: 37.63% | Many: 64.11% | Medium: 34.53% | Few: 11.13%
2026-02-25 10:39:35 - LT_baseline - INFO - Epoch 178: Best Acc = 37.94%

2026-02-25 10:39:36 - LT_baseline - INFO - Epoch [179][50/87] Loss 0.0204 (0.0206) Acc@1 99.22 (99.80) Acc@5 100.00 (100.00)
2026-02-25 10:39:38 - LT_baseline - INFO - [Val] Loss: 4.7104 | Overall: 37.77% | Many: 63.71% | Medium: 35.15% | Few: 11.35%
2026-02-25 10:39:38 - LT_baseline - INFO - Epoch 179: Best Acc = 37.94%

2026-02-25 10:39:39 - LT_baseline - INFO - Epoch [180][50/87] Loss 0.0180 (0.0175) Acc@1 100.00 (99.84) Acc@5 100.00 (100.00)
2026-02-25 10:39:41 - LT_baseline - INFO - [Val] Loss: 4.7142 | Overall: 37.66% | Many: 63.74% | Medium: 34.79% | Few: 11.35%
2026-02-25 10:39:41 - LT_baseline - INFO - Epoch 180: Best Acc = 37.94%

2026-02-25 10:39:42 - LT_baseline - INFO - Epoch [181][50/87] Loss 0.0090 (0.0192) Acc@1 100.00 (99.83) Acc@5 100.00 (100.00)
2026-02-25 10:39:44 - LT_baseline - INFO - [Val] Loss: 4.7283 | Overall: 37.83% | Many: 64.11% | Medium: 34.91% | Few: 11.35%
2026-02-25 10:39:44 - LT_baseline - INFO - Epoch 181: Best Acc = 37.94%

2026-02-25 10:39:45 - LT_baseline - INFO - Epoch [182][50/87] Loss 0.0143 (0.0188) Acc@1 100.00 (99.83) Acc@5 100.00 (100.00)
2026-02-25 10:39:47 - LT_baseline - INFO - [Val] Loss: 4.6936 | Overall: 37.91% | Many: 64.37% | Medium: 34.85% | Few: 11.39%
2026-02-25 10:39:47 - LT_baseline - INFO - Epoch 182: Best Acc = 37.94%

2026-02-25 10:39:48 - LT_baseline - INFO - Epoch [183][50/87] Loss 0.0168 (0.0192) Acc@1 100.00 (99.73) Acc@5 100.00 (100.00)
2026-02-25 10:39:50 - LT_baseline - INFO - [Val] Loss: 4.7008 | Overall: 37.68% | Many: 63.94% | Medium: 34.53% | Few: 11.48%
2026-02-25 10:39:50 - LT_baseline - INFO - Epoch 183: Best Acc = 37.94%

2026-02-25 10:39:51 - LT_baseline - INFO - Epoch [184][50/87] Loss 0.0184 (0.0187) Acc@1 99.22 (99.81) Acc@5 100.00 (100.00)
2026-02-25 10:39:53 - LT_baseline - INFO - [Val] Loss: 4.7122 | Overall: 37.63% | Many: 63.97% | Medium: 34.62% | Few: 11.19%
2026-02-25 10:39:53 - LT_baseline - INFO - Epoch 184: Best Acc = 37.94%

2026-02-25 10:39:54 - LT_baseline - INFO - Epoch [185][50/87] Loss 0.0138 (0.0185) Acc@1 100.00 (99.81) Acc@5 100.00 (100.00)
2026-02-25 10:39:55 - LT_baseline - INFO - [Val] Loss: 4.6697 | Overall: 37.70% | Many: 63.74% | Medium: 34.94% | Few: 11.32%
2026-02-25 10:39:55 - LT_baseline - INFO - Epoch 185: Best Acc = 37.94%

2026-02-25 10:39:57 - LT_baseline - INFO - Epoch [186][50/87] Loss 0.0147 (0.0194) Acc@1 100.00 (99.86) Acc@5 100.00 (100.00)
2026-02-25 10:39:58 - LT_baseline - INFO - [Val] Loss: 4.7032 | Overall: 37.89% | Many: 64.31% | Medium: 35.06% | Few: 11.16%
2026-02-25 10:39:58 - LT_baseline - INFO - Epoch 186: Best Acc = 37.94%

2026-02-25 10:40:00 - LT_baseline - INFO - Epoch [187][50/87] Loss 0.0186 (0.0185) Acc@1 100.00 (99.88) Acc@5 100.00 (100.00)
2026-02-25 10:40:01 - LT_baseline - INFO - [Val] Loss: 4.6799 | Overall: 37.97% | Many: 64.20% | Medium: 35.26% | Few: 11.32%
2026-02-25 10:40:01 - LT_baseline - INFO - Epoch 187: Best Acc = 37.97%

2026-02-25 10:40:03 - LT_baseline - INFO - Epoch [188][50/87] Loss 0.0188 (0.0174) Acc@1 100.00 (99.91) Acc@5 100.00 (100.00)
2026-02-25 10:40:04 - LT_baseline - INFO - [Val] Loss: 4.6844 | Overall: 37.71% | Many: 63.66% | Medium: 35.06% | Few: 11.32%
2026-02-25 10:40:04 - LT_baseline - INFO - Epoch 188: Best Acc = 37.97%

2026-02-25 10:40:06 - LT_baseline - INFO - Epoch [189][50/87] Loss 0.0132 (0.0195) Acc@1 100.00 (99.80) Acc@5 100.00 (100.00)
2026-02-25 10:40:07 - LT_baseline - INFO - [Val] Loss: 4.6825 | Overall: 37.97% | Many: 64.09% | Medium: 35.21% | Few: 11.52%
2026-02-25 10:40:07 - LT_baseline - INFO - Epoch 189: Best Acc = 37.97%

2026-02-25 10:40:09 - LT_baseline - INFO - Epoch [190][50/87] Loss 0.0183 (0.0186) Acc@1 100.00 (99.80) Acc@5 100.00 (100.00)
2026-02-25 10:40:10 - LT_baseline - INFO - [Val] Loss: 4.6843 | Overall: 37.69% | Many: 63.74% | Medium: 34.97% | Few: 11.26%
2026-02-25 10:40:10 - LT_baseline - INFO - Epoch 190: Best Acc = 37.97%

2026-02-25 10:40:11 - LT_baseline - INFO - Epoch [191][50/87] Loss 0.0166 (0.0173) Acc@1 100.00 (99.80) Acc@5 100.00 (100.00)
2026-02-25 10:40:13 - LT_baseline - INFO - [Val] Loss: 4.7220 | Overall: 37.69% | Many: 64.06% | Medium: 34.79% | Few: 11.10%
2026-02-25 10:40:13 - LT_baseline - INFO - Epoch 191: Best Acc = 37.97%

2026-02-25 10:40:14 - LT_baseline - INFO - Epoch [192][50/87] Loss 0.0255 (0.0177) Acc@1 99.22 (99.83) Acc@5 100.00 (100.00)
2026-02-25 10:40:16 - LT_baseline - INFO - [Val] Loss: 4.6744 | Overall: 37.75% | Many: 64.20% | Medium: 34.76% | Few: 11.16%
2026-02-25 10:40:16 - LT_baseline - INFO - Epoch 192: Best Acc = 37.97%

2026-02-25 10:40:17 - LT_baseline - INFO - Epoch [193][50/87] Loss 0.0200 (0.0189) Acc@1 100.00 (99.83) Acc@5 100.00 (100.00)
2026-02-25 10:40:19 - LT_baseline - INFO - [Val] Loss: 4.6963 | Overall: 37.80% | Many: 63.83% | Medium: 35.00% | Few: 11.48%
2026-02-25 10:40:19 - LT_baseline - INFO - Epoch 193: Best Acc = 37.97%

2026-02-25 10:40:20 - LT_baseline - INFO - Epoch [194][50/87] Loss 0.0456 (0.0190) Acc@1 99.22 (99.69) Acc@5 100.00 (100.00)
2026-02-25 10:40:22 - LT_baseline - INFO - [Val] Loss: 4.7226 | Overall: 37.77% | Many: 63.83% | Medium: 35.12% | Few: 11.26%
2026-02-25 10:40:22 - LT_baseline - INFO - Epoch 194: Best Acc = 37.97%

2026-02-25 10:40:23 - LT_baseline - INFO - Epoch [195][50/87] Loss 0.0112 (0.0199) Acc@1 100.00 (99.78) Acc@5 100.00 (100.00)
2026-02-25 10:40:25 - LT_baseline - INFO - [Val] Loss: 4.6666 | Overall: 37.92% | Many: 64.00% | Medium: 35.29% | Few: 11.35%
2026-02-25 10:40:25 - LT_baseline - INFO - Epoch 195: Best Acc = 37.97%

2026-02-25 10:40:26 - LT_baseline - INFO - Epoch [196][50/87] Loss 0.0212 (0.0185) Acc@1 99.22 (99.81) Acc@5 100.00 (100.00)
2026-02-25 10:40:28 - LT_baseline - INFO - [Val] Loss: 4.6936 | Overall: 37.98% | Many: 64.00% | Medium: 35.47% | Few: 11.35%
2026-02-25 10:40:28 - LT_baseline - INFO - Epoch 196: Best Acc = 37.98%

2026-02-25 10:40:29 - LT_baseline - INFO - Epoch [197][50/87] Loss 0.0130 (0.0166) Acc@1 100.00 (99.91) Acc@5 100.00 (100.00)
2026-02-25 10:40:31 - LT_baseline - INFO - [Val] Loss: 4.6768 | Overall: 37.86% | Many: 63.94% | Medium: 35.03% | Few: 11.52%
2026-02-25 10:40:31 - LT_baseline - INFO - Epoch 197: Best Acc = 37.98%

2026-02-25 10:40:32 - LT_baseline - INFO - Epoch [198][50/87] Loss 0.0088 (0.0171) Acc@1 100.00 (99.84) Acc@5 100.00 (100.00)
2026-02-25 10:40:34 - LT_baseline - INFO - [Val] Loss: 4.6835 | Overall: 37.91% | Many: 64.06% | Medium: 35.12% | Few: 11.45%
2026-02-25 10:40:34 - LT_baseline - INFO - Epoch 198: Best Acc = 37.98%

2026-02-25 10:40:35 - LT_baseline - INFO - Epoch [199][50/87] Loss 0.0222 (0.0185) Acc@1 99.22 (99.84) Acc@5 100.00 (100.00)
2026-02-25 10:40:37 - LT_baseline - INFO - [Val] Loss: 4.6578 | Overall: 37.73% | Many: 63.91% | Medium: 34.76% | Few: 11.42%
2026-02-25 10:40:37 - LT_baseline - INFO - Epoch 199: Best Acc = 37.98%

2026-02-25 10:40:37 - LT_baseline - INFO - 
Training finished. Best accuracy: 37.98%
