Dataset: cifar100_lt
Data root: ./data
Image root: 
Generated dirs: ./data/h2t_cifar100_lt_IF0.01_clip_image_nearest_random_k3_ht100_tt20_s0.6_g7.5_st50_img2img_per_image_all_m1_p5_seed42_lora ./data/bare_cifar100_lt_IF0.01_txt2img_all_m1_g7.5_st50_seed42 ./data/diffusemix_cifar100_lt_IF100
Method names: h2t bare diffusemix
Output dir: ./eval_generated_semantics/cifar100_compare
Running:
 python evaluate_generated_semantics.py --dataset cifar100_lt --data_root ./data --imb_factor 0.01 --generated_dirs ./data/h2t_cifar100_lt_IF0.01_clip_image_nearest_random_k3_ht100_tt20_s0.6_g7.5_st50_img2img_per_image_all_m1_p5_seed42_lora ./data/bare_cifar100_lt_IF0.01_txt2img_all_m1_g7.5_st50_seed42 ./data/diffusemix_cifar100_lt_IF100 --method_names h2t bare diffusemix --output_dir ./eval_generated_semantics/cifar100_compare --device cuda --clip_model ViT-B/32 --batch_size 128 --max_gen_per_method 0 --max_real_per_class 1000 --max_grid_images 120 --seed 42
======================================================================
Generated Image Semantic Evaluation
======================================================================
Dataset: cifar100_lt
Methods: ['h2t', 'bare', 'diffusemix']
Output: eval_generated_semantics/cifar100_compare
Computing real-image CLIP prototypes...

[h2t] ./data/h2t_cifar100_lt_IF0.01_clip_image_nearest_random_k3_ht100_tt20_s0.6_g7.5_st50_img2img_per_image_all_m1_p5_seed42_lora
  Scoring 10847/10847 generated images
{
  "n": 10847,
  "n_classes": 100,
  "text_top1_target_rate": 0.685074214068406,
  "text_top1_source_rate": 0.6337236102148059,
  "proto_top1_target_rate": 0.6389785194062875,
  "proto_top1_source_rate": 0.6283765096340002,
  "source_leak_text_rate": 0.07983774315478934,
  "source_leak_proto_rate": 0.12547248087028673,
  "mean_text_target_score": 0.2639495160894657,
  "mean_text_target_minus_source": 0.002961351380893753,
  "mean_proto_target_score": 0.9080192734923266,
  "mean_proto_target_minus_source": -0.0006424057007803064
}

[bare] ./data/bare_cifar100_lt_IF0.01_txt2img_all_m1_g7.5_st50_seed42
  Scoring 10847/10847 generated images
{
  "n": 10847,
  "n_classes": 100,
  "text_top1_target_rate": 0.9017239789803633,
  "text_top1_source_rate": 0.0,
  "proto_top1_target_rate": 0.7855628284318245,
  "proto_top1_source_rate": 0.0,
  "source_leak_text_rate": 0.0,
  "source_leak_proto_rate": 0.0,
  "mean_text_target_score": 0.278670010560557,
  "mean_text_target_minus_source": null,
  "mean_proto_target_score": 0.9032762492044825,
  "mean_proto_target_minus_source": null
}

[diffusemix] ./data/diffusemix_cifar100_lt_IF100
  Scoring 10847/10847 generated images
{
  "n": 10847,
  "n_classes": 100,
  "text_top1_target_rate": 0.2547248087028672,
  "text_top1_source_rate": 0.0,
  "proto_top1_target_rate": 0.21277772656033928,
  "proto_top1_source_rate": 0.0,
  "source_leak_text_rate": 0.0,
  "source_leak_proto_rate": 0.0,
  "mean_text_target_score": 0.22621551671203538,
  "mean_text_target_minus_source": null,
  "mean_proto_target_score": 0.8774139027150643,
  "mean_proto_target_minus_source": null
}

Saved diagnostics:
  eval_generated_semantics/cifar100_compare/summary.json
  eval_generated_semantics/cifar100_compare/all_sample_scores.csv
  eval_generated_semantics/cifar100_compare/per_class_summary.csv
  eval_generated_semantics/cifar100_compare/method_comparison.png
  eval_generated_semantics/cifar100_compare/*_worst_source_leakage.jpg
Generated semantic evaluation complete.

======== GPU REPORT ========

==============NVSMI LOG==============

Timestamp                                 : Tue Apr  7 22:16:55 2026
Driver Version                            : 580.95.05
CUDA Version                              : 13.0

Attached GPUs                             : 1
GPU 00000000:C1:00.0
    Accounting Mode                       : Enabled
    Accounting Mode Buffer Size           : 4000
    Accounted Processes
        Process ID                        : 558072
            GPU Utilization               : 3 %
            Memory Utilization            : 1 %
            Max memory usage              : 1434 MiB
            Time                          : 164558 ms
            Is Running                    : 0

Tue Apr  7 22:16:55 2026       
+-----------------------------------------------------------------------------------------+
| NVIDIA-SMI 580.95.05              Driver Version: 580.95.05      CUDA Version: 13.0     |
+-----------------------------------------+------------------------+----------------------+
| GPU  Name                 Persistence-M | Bus-Id          Disp.A | Volatile Uncorr. ECC |
| Fan  Temp   Perf          Pwr:Usage/Cap |           Memory-Usage | GPU-Util  Compute M. |
|                                         |                        |               MIG M. |
|=========================================+========================+======================|
|   0  NVIDIA A100-SXM4-80GB          On  |   00000000:C1:00.0 Off |                    0 |
| N/A   29C    P0             95W /  500W |       0MiB /  81920MiB |     21%      Default |
|                                         |                        |             Disabled |
+-----------------------------------------+------------------------+----------------------+

+-----------------------------------------------------------------------------------------+
| Processes:                                                                              |
|  GPU   GI   CI              PID   Type   Process name                        GPU Memory |
|        ID   ID                                                               Usage      |
|=========================================================================================|
|  No running processes found                                                             |
+-----------------------------------------------------------------------------------------+
